{"/home/gabriel/Desktop/fast-food-order/src/application/use-cases/order/create-order/create-order.ts": {"path":"/home/gabriel/Desktop/fast-food-order/src/application/use-cases/order/create-order/create-order.ts","statementMap":{"0":{"start":{"line":17,"column":7},"end":{"line":55,"column":null}},"1":{"start":{"line":19,"column":47},"end":{"line":19,"column":null}},"2":{"start":{"line":20,"column":56},"end":{"line":20,"column":null}},"3":{"start":{"line":21,"column":64},"end":{"line":21,"column":null}},"4":{"start":{"line":22,"column":64},"end":{"line":22,"column":null}},"5":{"start":{"line":23,"column":61},"end":{"line":23,"column":null}},"6":{"start":{"line":27,"column":8},"end":{"line":27,"column":null}},"7":{"start":{"line":29,"column":27},"end":{"line":29,"column":null}},"8":{"start":{"line":29,"column":61},"end":{"line":29,"column":75}},"9":{"start":{"line":30,"column":25},"end":{"line":30,"column":null}},"10":{"start":{"line":32,"column":8},"end":{"line":32,"column":null}},"11":{"start":{"line":34,"column":22},"end":{"line":34,"column":null}},"12":{"start":{"line":36,"column":31},"end":{"line":36,"column":null}},"13":{"start":{"line":37,"column":24},"end":{"line":37,"column":null}},"14":{"start":{"line":39,"column":8},"end":{"line":39,"column":null}},"15":{"start":{"line":40,"column":8},"end":{"line":40,"column":null}},"16":{"start":{"line":42,"column":27},"end":{"line":42,"column":null}},"17":{"start":{"line":44,"column":8},"end":{"line":44,"column":null}},"18":{"start":{"line":45,"column":8},"end":{"line":45,"column":null}},"19":{"start":{"line":47,"column":8},"end":{"line":51,"column":null}},"20":{"start":{"line":53,"column":8},"end":{"line":53,"column":null}},"21":{"start":{"line":17,"column":13},"end":{"line":17,"column":56}}},"fnMap":{"0":{"name":"(anonymous_0)","decl":{"start":{"line":18,"column":4},"end":{"line":18,"column":null}},"loc":{"start":{"line":24,"column":6},"end":{"line":24,"column":null}},"line":24},"1":{"name":"(anonymous_1)","decl":{"start":{"line":26,"column":10},"end":{"line":26,"column":18}},"loc":{"start":{"line":26,"column":80},"end":{"line":54,"column":null}},"line":26},"2":{"name":"(anonymous_2)","decl":{"start":{"line":29,"column":53},"end":{"line":29,"column":61}},"loc":{"start":{"line":29,"column":61},"end":{"line":29,"column":75}},"line":29}},"branchMap":{},"s":{"0":2,"1":2,"2":2,"3":2,"4":2,"5":2,"6":4,"7":4,"8":4,"9":4,"10":4,"11":4,"12":4,"13":4,"14":4,"15":4,"16":4,"17":4,"18":4,"19":4,"20":4,"21":2},"f":{"0":2,"1":4,"2":4},"b":{},"meta":{"lastBranch":0,"lastFunction":3,"lastStatement":22,"seen":{"s:17:7:55:Infinity":0,"f:18:4:18:Infinity":0,"s:19:47:19:Infinity":1,"s:20:56:20:Infinity":2,"s:21:64:21:Infinity":3,"s:22:64:22:Infinity":4,"s:23:61:23:Infinity":5,"f:26:10:26:18":1,"s:27:8:27:Infinity":6,"s:29:27:29:Infinity":7,"f:29:53:29:61":2,"s:29:61:29:75":8,"s:30:25:30:Infinity":9,"s:32:8:32:Infinity":10,"s:34:22:34:Infinity":11,"s:36:31:36:Infinity":12,"s:37:24:37:Infinity":13,"s:39:8:39:Infinity":14,"s:40:8:40:Infinity":15,"s:42:27:42:Infinity":16,"s:44:8:44:Infinity":17,"s:45:8:45:Infinity":18,"s:47:8:51:Infinity":19,"s:53:8:53:Infinity":20,"s:17:13:17:56":21}}}
,"/home/gabriel/Desktop/fast-food-order/src/application/use-cases/order/get-order/get-order.ts": {"path":"/home/gabriel/Desktop/fast-food-order/src/application/use-cases/order/get-order/get-order.ts","statementMap":{"0":{"start":{"line":13,"column":7},"end":{"line":49,"column":null}},"1":{"start":{"line":15,"column":47},"end":{"line":15,"column":null}},"2":{"start":{"line":16,"column":56},"end":{"line":16,"column":null}},"3":{"start":{"line":17,"column":61},"end":{"line":17,"column":null}},"4":{"start":{"line":18,"column":58},"end":{"line":18,"column":null}},"5":{"start":{"line":22,"column":8},"end":{"line":22,"column":null}},"6":{"start":{"line":24,"column":22},"end":{"line":24,"column":null}},"7":{"start":{"line":26,"column":8},"end":{"line":29,"column":null}},"8":{"start":{"line":27,"column":12},"end":{"line":27,"column":null}},"9":{"start":{"line":28,"column":12},"end":{"line":28,"column":null}},"10":{"start":{"line":31,"column":8},"end":{"line":36,"column":null}},"11":{"start":{"line":32,"column":27},"end":{"line":32,"column":null}},"12":{"start":{"line":33,"column":12},"end":{"line":35,"column":null}},"13":{"start":{"line":34,"column":16},"end":{"line":34,"column":null}},"14":{"start":{"line":38,"column":24},"end":{"line":38,"column":null}},"15":{"start":{"line":39,"column":8},"end":{"line":39,"column":null}},"16":{"start":{"line":41,"column":8},"end":{"line":45,"column":null}},"17":{"start":{"line":47,"column":8},"end":{"line":47,"column":null}},"18":{"start":{"line":13,"column":13},"end":{"line":13,"column":50}}},"fnMap":{"0":{"name":"(anonymous_0)","decl":{"start":{"line":14,"column":4},"end":{"line":14,"column":null}},"loc":{"start":{"line":19,"column":6},"end":{"line":19,"column":null}},"line":19},"1":{"name":"(anonymous_1)","decl":{"start":{"line":21,"column":10},"end":{"line":21,"column":18}},"loc":{"start":{"line":21,"column":46},"end":{"line":48,"column":null}},"line":21}},"branchMap":{"0":{"loc":{"start":{"line":26,"column":8},"end":{"line":29,"column":null}},"type":"if","locations":[{"start":{"line":26,"column":8},"end":{"line":29,"column":null}},{"start":{},"end":{}}],"line":26},"1":{"loc":{"start":{"line":31,"column":8},"end":{"line":36,"column":null}},"type":"if","locations":[{"start":{"line":31,"column":8},"end":{"line":36,"column":null}},{"start":{},"end":{}}],"line":31},"2":{"loc":{"start":{"line":33,"column":12},"end":{"line":35,"column":null}},"type":"if","locations":[{"start":{"line":33,"column":12},"end":{"line":35,"column":null}},{"start":{},"end":{}}],"line":33}},"s":{"0":2,"1":8,"2":8,"3":8,"4":8,"5":8,"6":8,"7":8,"8":2,"9":2,"10":6,"11":4,"12":4,"13":2,"14":6,"15":6,"16":6,"17":6,"18":2},"f":{"0":8,"1":8},"b":{"0":[2,6],"1":[4,2],"2":[2,2]},"meta":{"lastBranch":3,"lastFunction":2,"lastStatement":19,"seen":{"s:13:7:49:Infinity":0,"f:14:4:14:Infinity":0,"s:15:47:15:Infinity":1,"s:16:56:16:Infinity":2,"s:17:61:17:Infinity":3,"s:18:58:18:Infinity":4,"f:21:10:21:18":1,"s:22:8:22:Infinity":5,"s:24:22:24:Infinity":6,"b:26:8:29:Infinity:undefined:undefined:undefined:undefined":0,"s:26:8:29:Infinity":7,"s:27:12:27:Infinity":8,"s:28:12:28:Infinity":9,"b:31:8:36:Infinity:undefined:undefined:undefined:undefined":1,"s:31:8:36:Infinity":10,"s:32:27:32:Infinity":11,"b:33:12:35:Infinity:undefined:undefined:undefined:undefined":2,"s:33:12:35:Infinity":12,"s:34:16:34:Infinity":13,"s:38:24:38:Infinity":14,"s:39:8:39:Infinity":15,"s:41:8:45:Infinity":16,"s:47:8:47:Infinity":17,"s:13:13:13:50":18}}}
,"/home/gabriel/Desktop/fast-food-order/src/application/use-cases/order/list-order/list-order.ts": {"path":"/home/gabriel/Desktop/fast-food-order/src/application/use-cases/order/list-order/list-order.ts","statementMap":{"0":{"start":{"line":13,"column":7},"end":{"line":32,"column":null}},"1":{"start":{"line":15,"column":47},"end":{"line":15,"column":null}},"2":{"start":{"line":16,"column":56},"end":{"line":16,"column":null}},"3":{"start":{"line":20,"column":8},"end":{"line":20,"column":null}},"4":{"start":{"line":22,"column":42},"end":{"line":25,"column":null}},"5":{"start":{"line":27,"column":23},"end":{"line":27,"column":null}},"6":{"start":{"line":29,"column":8},"end":{"line":29,"column":null}},"7":{"start":{"line":30,"column":8},"end":{"line":30,"column":null}},"8":{"start":{"line":13,"column":13},"end":{"line":13,"column":52}}},"fnMap":{"0":{"name":"(anonymous_0)","decl":{"start":{"line":14,"column":4},"end":{"line":14,"column":null}},"loc":{"start":{"line":17,"column":6},"end":{"line":17,"column":null}},"line":17},"1":{"name":"(anonymous_1)","decl":{"start":{"line":19,"column":10},"end":{"line":19,"column":18}},"loc":{"start":{"line":19,"column":64},"end":{"line":31,"column":null}},"line":19}},"branchMap":{"0":{"loc":{"start":{"line":24,"column":20},"end":{"line":24,"column":null}},"type":"cond-expr","locations":[{"start":{"line":24,"column":37},"end":{"line":24,"column":71}},{"start":{"line":24,"column":71},"end":{"line":24,"column":null}}],"line":24}},"s":{"0":2,"1":2,"2":2,"3":10,"4":10,"5":10,"6":10,"7":10,"8":2},"f":{"0":2,"1":10},"b":{"0":[2,8]},"meta":{"lastBranch":1,"lastFunction":2,"lastStatement":9,"seen":{"s:13:7:32:Infinity":0,"f:14:4:14:Infinity":0,"s:15:47:15:Infinity":1,"s:16:56:16:Infinity":2,"f:19:10:19:18":1,"s:20:8:20:Infinity":3,"s:22:42:25:Infinity":4,"b:24:37:24:71:24:71:24:Infinity":0,"s:27:23:27:Infinity":5,"s:29:8:29:Infinity":6,"s:30:8:30:Infinity":7,"s:13:13:13:52":8}}}
,"/home/gabriel/Desktop/fast-food-order/src/application/use-cases/order/payment-approved/payment-approved.ts": {"path":"/home/gabriel/Desktop/fast-food-order/src/application/use-cases/order/payment-approved/payment-approved.ts","statementMap":{"0":{"start":{"line":11,"column":7},"end":{"line":35,"column":null}},"1":{"start":{"line":13,"column":47},"end":{"line":13,"column":null}},"2":{"start":{"line":14,"column":56},"end":{"line":14,"column":null}},"3":{"start":{"line":15,"column":65},"end":{"line":15,"column":null}},"4":{"start":{"line":19,"column":8},"end":{"line":19,"column":null}},"5":{"start":{"line":20,"column":22},"end":{"line":20,"column":null}},"6":{"start":{"line":22,"column":8},"end":{"line":25,"column":null}},"7":{"start":{"line":23,"column":12},"end":{"line":23,"column":null}},"8":{"start":{"line":24,"column":12},"end":{"line":24,"column":null}},"9":{"start":{"line":27,"column":31},"end":{"line":27,"column":null}},"10":{"start":{"line":28,"column":8},"end":{"line":28,"column":null}},"11":{"start":{"line":30,"column":8},"end":{"line":33,"column":null}},"12":{"start":{"line":11,"column":13},"end":{"line":11,"column":64}}},"fnMap":{"0":{"name":"(anonymous_0)","decl":{"start":{"line":12,"column":4},"end":{"line":12,"column":null}},"loc":{"start":{"line":16,"column":6},"end":{"line":16,"column":null}},"line":16},"1":{"name":"(anonymous_1)","decl":{"start":{"line":18,"column":10},"end":{"line":18,"column":18}},"loc":{"start":{"line":18,"column":50},"end":{"line":34,"column":null}},"line":18}},"branchMap":{"0":{"loc":{"start":{"line":22,"column":8},"end":{"line":25,"column":null}},"type":"if","locations":[{"start":{"line":22,"column":8},"end":{"line":25,"column":null}},{"start":{},"end":{}}],"line":22}},"s":{"0":2,"1":2,"2":2,"3":2,"4":4,"5":4,"6":4,"7":2,"8":2,"9":2,"10":2,"11":2,"12":2},"f":{"0":2,"1":4},"b":{"0":[2,2]},"meta":{"lastBranch":1,"lastFunction":2,"lastStatement":13,"seen":{"s:11:7:35:Infinity":0,"f:12:4:12:Infinity":0,"s:13:47:13:Infinity":1,"s:14:56:14:Infinity":2,"s:15:65:15:Infinity":3,"f:18:10:18:18":1,"s:19:8:19:Infinity":4,"s:20:22:20:Infinity":5,"b:22:8:25:Infinity:undefined:undefined:undefined:undefined":0,"s:22:8:25:Infinity":6,"s:23:12:23:Infinity":7,"s:24:12:24:Infinity":8,"s:27:31:27:Infinity":9,"s:28:8:28:Infinity":10,"s:30:8:33:Infinity":11,"s:11:13:11:64":12}}}
,"/home/gabriel/Desktop/fast-food-order/src/application/use-cases/order/payment-failed/payment-failed.ts": {"path":"/home/gabriel/Desktop/fast-food-order/src/application/use-cases/order/payment-failed/payment-failed.ts","statementMap":{"0":{"start":{"line":11,"column":7},"end":{"line":35,"column":null}},"1":{"start":{"line":13,"column":38},"end":{"line":13,"column":null}},"2":{"start":{"line":14,"column":47},"end":{"line":14,"column":null}},"3":{"start":{"line":18,"column":8},"end":{"line":18,"column":null}},"4":{"start":{"line":20,"column":22},"end":{"line":20,"column":null}},"5":{"start":{"line":22,"column":8},"end":{"line":25,"column":null}},"6":{"start":{"line":23,"column":12},"end":{"line":23,"column":null}},"7":{"start":{"line":24,"column":12},"end":{"line":24,"column":null}},"8":{"start":{"line":27,"column":8},"end":{"line":27,"column":null}},"9":{"start":{"line":28,"column":8},"end":{"line":28,"column":null}},"10":{"start":{"line":30,"column":8},"end":{"line":33,"column":null}},"11":{"start":{"line":11,"column":13},"end":{"line":11,"column":60}}},"fnMap":{"0":{"name":"(anonymous_0)","decl":{"start":{"line":12,"column":4},"end":{"line":12,"column":null}},"loc":{"start":{"line":15,"column":6},"end":{"line":15,"column":null}},"line":15},"1":{"name":"(anonymous_1)","decl":{"start":{"line":17,"column":10},"end":{"line":17,"column":18}},"loc":{"start":{"line":17,"column":50},"end":{"line":34,"column":null}},"line":17}},"branchMap":{"0":{"loc":{"start":{"line":22,"column":8},"end":{"line":25,"column":null}},"type":"if","locations":[{"start":{"line":22,"column":8},"end":{"line":25,"column":null}},{"start":{},"end":{}}],"line":22}},"s":{"0":2,"1":2,"2":2,"3":4,"4":4,"5":4,"6":2,"7":2,"8":2,"9":2,"10":2,"11":2},"f":{"0":2,"1":4},"b":{"0":[2,2]},"meta":{"lastBranch":1,"lastFunction":2,"lastStatement":12,"seen":{"s:11:7:35:Infinity":0,"f:12:4:12:Infinity":0,"s:13:38:13:Infinity":1,"s:14:47:14:Infinity":2,"f:17:10:17:18":1,"s:18:8:18:Infinity":3,"s:20:22:20:Infinity":4,"b:22:8:25:Infinity:undefined:undefined:undefined:undefined":0,"s:22:8:25:Infinity":5,"s:23:12:23:Infinity":6,"s:24:12:24:Infinity":7,"s:27:8:27:Infinity":8,"s:28:8:28:Infinity":9,"s:30:8:33:Infinity":10,"s:11:13:11:60":11}}}
,"/home/gabriel/Desktop/fast-food-order/src/application/use-cases/order/update-order-status/update-order-status.ts": {"path":"/home/gabriel/Desktop/fast-food-order/src/application/use-cases/order/update-order-status/update-order-status.ts","statementMap":{"0":{"start":{"line":11,"column":7},"end":{"line":39,"column":null}},"1":{"start":{"line":13,"column":38},"end":{"line":13,"column":null}},"2":{"start":{"line":14,"column":47},"end":{"line":14,"column":null}},"3":{"start":{"line":18,"column":8},"end":{"line":18,"column":null}},"4":{"start":{"line":20,"column":22},"end":{"line":20,"column":null}},"5":{"start":{"line":22,"column":8},"end":{"line":25,"column":null}},"6":{"start":{"line":23,"column":12},"end":{"line":23,"column":null}},"7":{"start":{"line":24,"column":12},"end":{"line":24,"column":null}},"8":{"start":{"line":27,"column":26},"end":{"line":27,"column":null}},"9":{"start":{"line":28,"column":8},"end":{"line":28,"column":null}},"10":{"start":{"line":30,"column":8},"end":{"line":30,"column":null}},"11":{"start":{"line":32,"column":8},"end":{"line":37,"column":null}},"12":{"start":{"line":11,"column":13},"end":{"line":11,"column":68}}},"fnMap":{"0":{"name":"(anonymous_0)","decl":{"start":{"line":12,"column":4},"end":{"line":12,"column":null}},"loc":{"start":{"line":15,"column":6},"end":{"line":15,"column":null}},"line":15},"1":{"name":"(anonymous_1)","decl":{"start":{"line":17,"column":10},"end":{"line":17,"column":18}},"loc":{"start":{"line":17,"column":69},"end":{"line":38,"column":null}},"line":17}},"branchMap":{"0":{"loc":{"start":{"line":22,"column":8},"end":{"line":25,"column":null}},"type":"if","locations":[{"start":{"line":22,"column":8},"end":{"line":25,"column":null}},{"start":{},"end":{}}],"line":22}},"s":{"0":2,"1":2,"2":2,"3":16,"4":16,"5":16,"6":2,"7":2,"8":14,"9":14,"10":14,"11":10,"12":2},"f":{"0":2,"1":16},"b":{"0":[2,14]},"meta":{"lastBranch":1,"lastFunction":2,"lastStatement":13,"seen":{"s:11:7:39:Infinity":0,"f:12:4:12:Infinity":0,"s:13:38:13:Infinity":1,"s:14:47:14:Infinity":2,"f:17:10:17:18":1,"s:18:8:18:Infinity":3,"s:20:22:20:Infinity":4,"b:22:8:25:Infinity:undefined:undefined:undefined:undefined":0,"s:22:8:25:Infinity":5,"s:23:12:23:Infinity":6,"s:24:12:24:Infinity":7,"s:27:26:27:Infinity":8,"s:28:8:28:Infinity":9,"s:30:8:30:Infinity":10,"s:32:8:37:Infinity":11,"s:11:13:11:68":12}}}
,"/home/gabriel/Desktop/fast-food-order/src/domain/errors.ts": {"path":"/home/gabriel/Desktop/fast-food-order/src/domain/errors.ts","statementMap":{"0":{"start":{"line":7,"column":8},"end":{"line":7,"column":null}},"1":{"start":{"line":3,"column":15},"end":{"line":3,"column":33}},"2":{"start":{"line":4,"column":15},"end":{"line":4,"column":28}},"3":{"start":{"line":5,"column":15},"end":{"line":5,"column":22}},"4":{"start":{"line":13,"column":8},"end":{"line":13,"column":null}},"5":{"start":{"line":19,"column":8},"end":{"line":19,"column":null}},"6":{"start":{"line":25,"column":8},"end":{"line":25,"column":null}}},"fnMap":{"0":{"name":"(anonymous_0)","decl":{"start":{"line":2,"column":4},"end":{"line":2,"column":null}},"loc":{"start":{"line":6,"column":6},"end":{"line":8,"column":null}},"line":6},"1":{"name":"(anonymous_1)","decl":{"start":{"line":12,"column":4},"end":{"line":12,"column":16}},"loc":{"start":{"line":12,"column":67},"end":{"line":14,"column":null}},"line":12},"2":{"name":"(anonymous_2)","decl":{"start":{"line":18,"column":4},"end":{"line":18,"column":16}},"loc":{"start":{"line":18,"column":47},"end":{"line":20,"column":null}},"line":18},"3":{"name":"(anonymous_3)","decl":{"start":{"line":24,"column":4},"end":{"line":24,"column":16}},"loc":{"start":{"line":24,"column":51},"end":{"line":26,"column":null}},"line":24}},"branchMap":{"0":{"loc":{"start":{"line":3,"column":15},"end":{"line":3,"column":null}},"type":"default-arg","locations":[{"start":{"line":3,"column":33},"end":{"line":3,"column":null}}],"line":3},"1":{"loc":{"start":{"line":4,"column":15},"end":{"line":4,"column":null}},"type":"default-arg","locations":[{"start":{"line":4,"column":28},"end":{"line":4,"column":null}}],"line":4},"2":{"loc":{"start":{"line":5,"column":15},"end":{"line":5,"column":null}},"type":"default-arg","locations":[{"start":{"line":5,"column":22},"end":{"line":5,"column":null}}],"line":5},"3":{"loc":{"start":{"line":12,"column":36},"end":{"line":12,"column":67}},"type":"default-arg","locations":[{"start":{"line":12,"column":46},"end":{"line":12,"column":67}}],"line":12},"4":{"loc":{"start":{"line":18,"column":16},"end":{"line":18,"column":47}},"type":"default-arg","locations":[{"start":{"line":18,"column":26},"end":{"line":18,"column":47}}],"line":18},"5":{"loc":{"start":{"line":24,"column":16},"end":{"line":24,"column":51}},"type":"default-arg","locations":[{"start":{"line":24,"column":26},"end":{"line":24,"column":51}}],"line":24}},"s":{"0":12,"1":12,"2":12,"3":12,"4":4,"5":8,"6":0},"f":{"0":12,"1":4,"2":8,"3":0},"b":{"0":[12],"1":[12],"2":[12],"3":[4],"4":[8],"5":[0]},"meta":{"lastBranch":6,"lastFunction":4,"lastStatement":7,"seen":{"f:2:4:2:Infinity":0,"b:3:33:3:Infinity":0,"b:4:28:4:Infinity":1,"b:5:22:5:Infinity":2,"s:7:8:7:Infinity":0,"s:3:15:3:33":1,"s:4:15:4:28":2,"s:5:15:5:22":3,"f:12:4:12:16":1,"b:12:46:12:67":3,"s:13:8:13:Infinity":4,"f:18:4:18:16":2,"b:18:26:18:47":4,"s:19:8:19:Infinity":5,"f:24:4:24:16":3,"b:24:26:24:51":5,"s:25:8:25:Infinity":6}}}
,"/home/gabriel/Desktop/fast-food-order/src/domain/entities/client.entity.ts": {"path":"/home/gabriel/Desktop/fast-food-order/src/domain/entities/client.entity.ts","statementMap":{"0":{"start":{"line":3,"column":24},"end":{"line":3,"column":null}},"1":{"start":{"line":4,"column":15},"end":{"line":4,"column":null}},"2":{"start":{"line":5,"column":15},"end":{"line":5,"column":null}},"3":{"start":{"line":6,"column":15},"end":{"line":6,"column":null}}},"fnMap":{"0":{"name":"(anonymous_0)","decl":{"start":{"line":2,"column":4},"end":{"line":2,"column":null}},"loc":{"start":{"line":7,"column":6},"end":{"line":7,"column":null}},"line":7}},"branchMap":{},"s":{"0":8,"1":8,"2":8,"3":8},"f":{"0":8},"b":{},"meta":{"lastBranch":0,"lastFunction":1,"lastStatement":4,"seen":{"f:2:4:2:Infinity":0,"s:3:24:3:Infinity":0,"s:4:15:4:Infinity":1,"s:5:15:5:Infinity":2,"s:6:15:6:Infinity":3}}}
,"/home/gabriel/Desktop/fast-food-order/src/domain/entities/order-product.entity.ts": {"path":"/home/gabriel/Desktop/fast-food-order/src/domain/entities/order-product.entity.ts","statementMap":{"0":{"start":{"line":25,"column":8},"end":{"line":25,"column":null}},"1":{"start":{"line":26,"column":8},"end":{"line":26,"column":null}},"2":{"start":{"line":27,"column":8},"end":{"line":27,"column":null}},"3":{"start":{"line":28,"column":8},"end":{"line":28,"column":null}},"4":{"start":{"line":29,"column":8},"end":{"line":29,"column":null}},"5":{"start":{"line":30,"column":8},"end":{"line":30,"column":null}},"6":{"start":{"line":31,"column":8},"end":{"line":31,"column":null}},"7":{"start":{"line":32,"column":8},"end":{"line":32,"column":null}}},"fnMap":{"0":{"name":"(anonymous_0)","decl":{"start":{"line":24,"column":4},"end":{"line":24,"column":16}},"loc":{"start":{"line":24,"column":46},"end":{"line":33,"column":null}},"line":24}},"branchMap":{"0":{"loc":{"start":{"line":25,"column":18},"end":{"line":25,"column":null}},"type":"binary-expr","locations":[{"start":{"line":25,"column":18},"end":{"line":25,"column":32}},{"start":{"line":25,"column":26},"end":{"line":25,"column":null}}],"line":25},"1":{"loc":{"start":{"line":28,"column":27},"end":{"line":28,"column":null}},"type":"binary-expr","locations":[{"start":{"line":28,"column":27},"end":{"line":28,"column":50}},{"start":{"line":28,"column":50},"end":{"line":28,"column":null}}],"line":28}},"s":{"0":21,"1":21,"2":21,"3":21,"4":21,"5":21,"6":21,"7":21},"f":{"0":21},"b":{"0":[21,6],"1":[21,3]},"meta":{"lastBranch":2,"lastFunction":1,"lastStatement":8,"seen":{"f:24:4:24:16":0,"s:25:8:25:Infinity":0,"b:25:18:25:32:25:26:25:Infinity":0,"s:26:8:26:Infinity":1,"s:27:8:27:Infinity":2,"s:28:8:28:Infinity":3,"b:28:27:28:50:28:50:28:Infinity":1,"s:29:8:29:Infinity":4,"s:30:8:30:Infinity":5,"s:31:8:31:Infinity":6,"s:32:8:32:Infinity":7}}}
,"/home/gabriel/Desktop/fast-food-order/src/domain/entities/order.entity.ts": {"path":"/home/gabriel/Desktop/fast-food-order/src/domain/entities/order.entity.ts","statementMap":{"0":{"start":{"line":34,"column":8},"end":{"line":34,"column":null}},"1":{"start":{"line":35,"column":8},"end":{"line":35,"column":null}},"2":{"start":{"line":36,"column":8},"end":{"line":36,"column":null}},"3":{"start":{"line":37,"column":8},"end":{"line":37,"column":null}},"4":{"start":{"line":38,"column":8},"end":{"line":38,"column":null}},"5":{"start":{"line":39,"column":8},"end":{"line":39,"column":null}},"6":{"start":{"line":40,"column":8},"end":{"line":40,"column":null}},"7":{"start":{"line":41,"column":8},"end":{"line":41,"column":null}},"8":{"start":{"line":42,"column":8},"end":{"line":42,"column":null}},"9":{"start":{"line":46,"column":8},"end":{"line":46,"column":null}},"10":{"start":{"line":50,"column":8},"end":{"line":50,"column":null}},"11":{"start":{"line":54,"column":8},"end":{"line":54,"column":null}},"12":{"start":{"line":58,"column":8},"end":{"line":58,"column":null}},"13":{"start":{"line":62,"column":71},"end":{"line":69,"column":null}},"14":{"start":{"line":71,"column":21},"end":{"line":71,"column":null}},"15":{"start":{"line":73,"column":8},"end":{"line":75,"column":null}},"16":{"start":{"line":74,"column":12},"end":{"line":74,"column":null}},"17":{"start":{"line":77,"column":8},"end":{"line":77,"column":null}}},"fnMap":{"0":{"name":"(anonymous_0)","decl":{"start":{"line":33,"column":4},"end":{"line":33,"column":16}},"loc":{"start":{"line":33,"column":39},"end":{"line":43,"column":null}},"line":33},"1":{"name":"(anonymous_1)","decl":{"start":{"line":45,"column":4},"end":{"line":45,"column":16}},"loc":{"start":{"line":45,"column":35},"end":{"line":47,"column":null}},"line":45},"2":{"name":"(anonymous_2)","decl":{"start":{"line":49,"column":4},"end":{"line":49,"column":17}},"loc":{"start":{"line":49,"column":36},"end":{"line":51,"column":null}},"line":49},"3":{"name":"(anonymous_3)","decl":{"start":{"line":53,"column":4},"end":{"line":53,"column":14}},"loc":{"start":{"line":53,"column":31},"end":{"line":55,"column":null}},"line":53},"4":{"name":"(anonymous_4)","decl":{"start":{"line":57,"column":4},"end":{"line":57,"column":15}},"loc":{"start":{"line":57,"column":34},"end":{"line":59,"column":null}},"line":57},"5":{"name":"(anonymous_5)","decl":{"start":{"line":61,"column":4},"end":{"line":61,"column":17}},"loc":{"start":{"line":61,"column":41},"end":{"line":78,"column":null}},"line":61}},"branchMap":{"0":{"loc":{"start":{"line":34,"column":18},"end":{"line":34,"column":null}},"type":"binary-expr","locations":[{"start":{"line":34,"column":18},"end":{"line":34,"column":32}},{"start":{"line":34,"column":26},"end":{"line":34,"column":null}}],"line":34},"1":{"loc":{"start":{"line":40,"column":29},"end":{"line":40,"column":null}},"type":"binary-expr","locations":[{"start":{"line":40,"column":29},"end":{"line":40,"column":54}},{"start":{"line":40,"column":54},"end":{"line":40,"column":null}}],"line":40},"2":{"loc":{"start":{"line":71,"column":21},"end":{"line":71,"column":null}},"type":"binary-expr","locations":[{"start":{"line":71,"column":21},"end":{"line":71,"column":56}},{"start":{"line":71,"column":56},"end":{"line":71,"column":null}}],"line":71},"3":{"loc":{"start":{"line":73,"column":8},"end":{"line":75,"column":null}},"type":"if","locations":[{"start":{"line":73,"column":8},"end":{"line":75,"column":null}},{"start":{},"end":{}}],"line":73}},"s":{"0":68,"1":68,"2":68,"3":68,"4":68,"5":68,"6":68,"7":68,"8":68,"9":4,"10":4,"11":6,"12":10,"13":16,"14":16,"15":16,"16":4,"17":12},"f":{"0":68,"1":4,"2":4,"3":6,"4":10,"5":16},"b":{"0":[68,22],"1":[68,1],"2":[16,0],"3":[4,12]},"meta":{"lastBranch":4,"lastFunction":6,"lastStatement":18,"seen":{"f:33:4:33:16":0,"s:34:8:34:Infinity":0,"b:34:18:34:32:34:26:34:Infinity":0,"s:35:8:35:Infinity":1,"s:36:8:36:Infinity":2,"s:37:8:37:Infinity":3,"s:38:8:38:Infinity":4,"s:39:8:39:Infinity":5,"s:40:8:40:Infinity":6,"b:40:29:40:54:40:54:40:Infinity":1,"s:41:8:41:Infinity":7,"s:42:8:42:Infinity":8,"f:45:4:45:16":1,"s:46:8:46:Infinity":9,"f:49:4:49:17":2,"s:50:8:50:Infinity":10,"f:53:4:53:14":3,"s:54:8:54:Infinity":11,"f:57:4:57:15":4,"s:58:8:58:Infinity":12,"f:61:4:61:17":5,"s:62:71:69:Infinity":13,"s:71:21:71:Infinity":14,"b:71:21:71:56:71:56:71:Infinity":2,"b:73:8:75:Infinity:undefined:undefined:undefined:undefined":3,"s:73:8:75:Infinity":15,"s:74:12:74:Infinity":16,"s:77:8:77:Infinity":17}}}
,"/home/gabriel/Desktop/fast-food-order/src/domain/entities/payment.entity.ts": {"path":"/home/gabriel/Desktop/fast-food-order/src/domain/entities/payment.entity.ts","statementMap":{"0":{"start":{"line":3,"column":24},"end":{"line":3,"column":null}},"1":{"start":{"line":4,"column":24},"end":{"line":4,"column":null}},"2":{"start":{"line":5,"column":24},"end":{"line":5,"column":null}},"3":{"start":{"line":6,"column":24},"end":{"line":6,"column":null}}},"fnMap":{"0":{"name":"(anonymous_0)","decl":{"start":{"line":2,"column":4},"end":{"line":2,"column":null}},"loc":{"start":{"line":7,"column":6},"end":{"line":7,"column":null}},"line":7}},"branchMap":{},"s":{"0":8,"1":8,"2":8,"3":8},"f":{"0":8},"b":{},"meta":{"lastBranch":0,"lastFunction":1,"lastStatement":4,"seen":{"f:2:4:2:Infinity":0,"s:3:24:3:Infinity":0,"s:4:24:4:Infinity":1,"s:5:24:5:Infinity":2,"s:6:24:6:Infinity":3}}}
,"/home/gabriel/Desktop/fast-food-order/src/domain/entities/product.entity.ts": {"path":"/home/gabriel/Desktop/fast-food-order/src/domain/entities/product.entity.ts","statementMap":{"0":{"start":{"line":7,"column":24},"end":{"line":7,"column":null}},"1":{"start":{"line":8,"column":15},"end":{"line":8,"column":null}},"2":{"start":{"line":9,"column":15},"end":{"line":9,"column":null}},"3":{"start":{"line":10,"column":15},"end":{"line":10,"column":null}},"4":{"start":{"line":11,"column":15},"end":{"line":11,"column":null}}},"fnMap":{"0":{"name":"(anonymous_0)","decl":{"start":{"line":6,"column":4},"end":{"line":6,"column":null}},"loc":{"start":{"line":12,"column":6},"end":{"line":12,"column":null}},"line":12}},"branchMap":{},"s":{"0":4,"1":4,"2":4,"3":4,"4":4},"f":{"0":4},"b":{},"meta":{"lastBranch":0,"lastFunction":1,"lastStatement":5,"seen":{"f:6:4:6:Infinity":0,"s:7:24:7:Infinity":0,"s:8:15:8:Infinity":1,"s:9:15:9:Infinity":2,"s:10:15:10:Infinity":3,"s:11:15:11:Infinity":4}}}
,"/home/gabriel/Desktop/fast-food-order/src/domain/factories/order-builder.factory.ts": {"path":"/home/gabriel/Desktop/fast-food-order/src/domain/factories/order-builder.factory.ts","statementMap":{"0":{"start":{"line":8,"column":44},"end":{"line":8,"column":null}},"1":{"start":{"line":9,"column":26},"end":{"line":9,"column":null}},"2":{"start":{"line":12,"column":8},"end":{"line":27,"column":null}},"3":{"start":{"line":13,"column":28},"end":{"line":13,"column":null}},"4":{"start":{"line":13,"column":53},"end":{"line":13,"column":82}},"5":{"start":{"line":15,"column":33},"end":{"line":23,"column":null}},"6":{"start":{"line":25,"column":12},"end":{"line":25,"column":null}},"7":{"start":{"line":26,"column":12},"end":{"line":26,"column":null}},"8":{"start":{"line":29,"column":8},"end":{"line":29,"column":null}},"9":{"start":{"line":33,"column":22},"end":{"line":38,"column":null}},"10":{"start":{"line":40,"column":8},"end":{"line":40,"column":null}},"11":{"start":{"line":46,"column":8},"end":{"line":46,"column":null}}},"fnMap":{"0":{"name":"(anonymous_0)","decl":{"start":{"line":11,"column":4},"end":{"line":11,"column":17}},"loc":{"start":{"line":11,"column":109},"end":{"line":30,"column":null}},"line":11},"1":{"name":"(anonymous_1)","decl":{"start":{"line":12,"column":49},"end":{"line":12,"column":57}},"loc":{"start":{"line":12,"column":57},"end":{"line":27,"column":9}},"line":12},"2":{"name":"(anonymous_2)","decl":{"start":{"line":13,"column":42},"end":{"line":13,"column":53}},"loc":{"start":{"line":13,"column":53},"end":{"line":13,"column":82}},"line":13},"3":{"name":"(anonymous_3)","decl":{"start":{"line":32,"column":4},"end":{"line":32,"column":19}},"loc":{"start":{"line":32,"column":19},"end":{"line":41,"column":null}},"line":32},"4":{"name":"(anonymous_4)","decl":{"start":{"line":45,"column":11},"end":{"line":45,"column":34}},"loc":{"start":{"line":45,"column":34},"end":{"line":47,"column":null}},"line":45}},"branchMap":{},"s":{"0":4,"1":4,"2":4,"3":4,"4":4,"5":4,"6":4,"7":4,"8":4,"9":4,"10":4,"11":4},"f":{"0":4,"1":4,"2":4,"3":4,"4":2},"b":{},"meta":{"lastBranch":0,"lastFunction":5,"lastStatement":12,"seen":{"s:8:44:8:Infinity":0,"s:9:26:9:Infinity":1,"f:11:4:11:17":0,"s:12:8:27:Infinity":2,"f:12:49:12:57":1,"s:13:28:13:Infinity":3,"f:13:42:13:53":2,"s:13:53:13:82":4,"s:15:33:23:Infinity":5,"s:25:12:25:Infinity":6,"s:26:12:26:Infinity":7,"s:29:8:29:Infinity":8,"f:32:4:32:19":3,"s:33:22:38:Infinity":9,"s:40:8:40:Infinity":10,"f:45:11:45:34":4,"s:46:8:46:Infinity":11}}}
,"/home/gabriel/Desktop/fast-food-order/src/infrastructure/config/di/types.ts": {"path":"/home/gabriel/Desktop/fast-food-order/src/infrastructure/config/di/types.ts","statementMap":{"0":{"start":{"line":1,"column":21},"end":{"line":32,"column":null}}},"fnMap":{},"branchMap":{},"s":{"0":19},"f":{},"b":{},"meta":{"lastBranch":0,"lastFunction":0,"lastStatement":1,"seen":{"s:1:21:32:Infinity":0}}}
,"/home/gabriel/Desktop/fast-food-order/src/infrastructure/gateways/fast-food-client/fast-food-get-client-by-cpf.ts": {"path":"/home/gabriel/Desktop/fast-food-order/src/infrastructure/gateways/fast-food-client/fast-food-get-client-by-cpf.ts","statementMap":{"0":{"start":{"line":12,"column":7},"end":{"line":42,"column":null}},"1":{"start":{"line":13,"column":31},"end":{"line":13,"column":null}},"2":{"start":{"line":16,"column":47},"end":{"line":16,"column":null}},"3":{"start":{"line":17,"column":58},"end":{"line":17,"column":null}},"4":{"start":{"line":21,"column":8},"end":{"line":40,"column":null}},"5":{"start":{"line":22,"column":12},"end":{"line":22,"column":null}},"6":{"start":{"line":24,"column":24},"end":{"line":24,"column":null}},"7":{"start":{"line":25,"column":27},"end":{"line":25,"column":null}},"8":{"start":{"line":27,"column":12},"end":{"line":27,"column":null}},"9":{"start":{"line":29,"column":12},"end":{"line":29,"column":null}},"10":{"start":{"line":31,"column":31},"end":{"line":31,"column":null}},"11":{"start":{"line":33,"column":12},"end":{"line":36,"column":null}},"12":{"start":{"line":34,"column":16},"end":{"line":34,"column":null}},"13":{"start":{"line":35,"column":16},"end":{"line":35,"column":null}},"14":{"start":{"line":38,"column":12},"end":{"line":38,"column":null}},"15":{"start":{"line":39,"column":12},"end":{"line":39,"column":null}},"16":{"start":{"line":12,"column":13},"end":{"line":12,"column":63}}},"fnMap":{"0":{"name":"(anonymous_0)","decl":{"start":{"line":15,"column":4},"end":{"line":15,"column":null}},"loc":{"start":{"line":18,"column":6},"end":{"line":18,"column":null}},"line":18},"1":{"name":"(anonymous_1)","decl":{"start":{"line":20,"column":10},"end":{"line":20,"column":18}},"loc":{"start":{"line":20,"column":55},"end":{"line":41,"column":null}},"line":20}},"branchMap":{"0":{"loc":{"start":{"line":33,"column":12},"end":{"line":36,"column":null}},"type":"if","locations":[{"start":{"line":33,"column":12},"end":{"line":36,"column":null}},{"start":{},"end":{}}],"line":33}},"s":{"0":1,"1":3,"2":3,"3":3,"4":3,"5":3,"6":3,"7":3,"8":1,"9":1,"10":2,"11":2,"12":1,"13":1,"14":1,"15":1,"16":1},"f":{"0":3,"1":3},"b":{"0":[1,1]},"meta":{"lastBranch":1,"lastFunction":2,"lastStatement":17,"seen":{"s:12:7:42:Infinity":0,"s:13:31:13:Infinity":1,"f:15:4:15:Infinity":0,"s:16:47:16:Infinity":2,"s:17:58:17:Infinity":3,"f:20:10:20:18":1,"s:21:8:40:Infinity":4,"s:22:12:22:Infinity":5,"s:24:24:24:Infinity":6,"s:25:27:25:Infinity":7,"s:27:12:27:Infinity":8,"s:29:12:29:Infinity":9,"s:31:31:31:Infinity":10,"b:33:12:36:Infinity:undefined:undefined:undefined:undefined":0,"s:33:12:36:Infinity":11,"s:34:16:34:Infinity":12,"s:35:16:35:Infinity":13,"s:38:12:38:Infinity":14,"s:39:12:39:Infinity":15,"s:12:13:12:63":16}}}
,"/home/gabriel/Desktop/fast-food-order/src/infrastructure/gateways/fast-food-client/fast-food-get-client-by-id.ts": {"path":"/home/gabriel/Desktop/fast-food-order/src/infrastructure/gateways/fast-food-client/fast-food-get-client-by-id.ts","statementMap":{"0":{"start":{"line":12,"column":7},"end":{"line":42,"column":null}},"1":{"start":{"line":13,"column":31},"end":{"line":13,"column":null}},"2":{"start":{"line":16,"column":47},"end":{"line":16,"column":null}},"3":{"start":{"line":17,"column":58},"end":{"line":17,"column":null}},"4":{"start":{"line":21,"column":8},"end":{"line":40,"column":null}},"5":{"start":{"line":22,"column":12},"end":{"line":22,"column":null}},"6":{"start":{"line":24,"column":24},"end":{"line":24,"column":null}},"7":{"start":{"line":25,"column":27},"end":{"line":25,"column":null}},"8":{"start":{"line":27,"column":12},"end":{"line":27,"column":null}},"9":{"start":{"line":29,"column":12},"end":{"line":29,"column":null}},"10":{"start":{"line":31,"column":31},"end":{"line":31,"column":null}},"11":{"start":{"line":33,"column":12},"end":{"line":36,"column":null}},"12":{"start":{"line":34,"column":16},"end":{"line":34,"column":null}},"13":{"start":{"line":35,"column":16},"end":{"line":35,"column":null}},"14":{"start":{"line":38,"column":12},"end":{"line":38,"column":null}},"15":{"start":{"line":39,"column":12},"end":{"line":39,"column":null}},"16":{"start":{"line":12,"column":13},"end":{"line":12,"column":61}}},"fnMap":{"0":{"name":"(anonymous_0)","decl":{"start":{"line":15,"column":4},"end":{"line":15,"column":null}},"loc":{"start":{"line":18,"column":6},"end":{"line":18,"column":null}},"line":18},"1":{"name":"(anonymous_1)","decl":{"start":{"line":20,"column":10},"end":{"line":20,"column":18}},"loc":{"start":{"line":20,"column":54},"end":{"line":41,"column":null}},"line":20}},"branchMap":{"0":{"loc":{"start":{"line":33,"column":12},"end":{"line":36,"column":null}},"type":"if","locations":[{"start":{"line":33,"column":12},"end":{"line":36,"column":null}},{"start":{},"end":{}}],"line":33}},"s":{"0":1,"1":3,"2":3,"3":3,"4":3,"5":3,"6":3,"7":3,"8":1,"9":1,"10":2,"11":2,"12":1,"13":1,"14":1,"15":1,"16":1},"f":{"0":3,"1":3},"b":{"0":[1,1]},"meta":{"lastBranch":1,"lastFunction":2,"lastStatement":17,"seen":{"s:12:7:42:Infinity":0,"s:13:31:13:Infinity":1,"f:15:4:15:Infinity":0,"s:16:47:16:Infinity":2,"s:17:58:17:Infinity":3,"f:20:10:20:18":1,"s:21:8:40:Infinity":4,"s:22:12:22:Infinity":5,"s:24:24:24:Infinity":6,"s:25:27:25:Infinity":7,"s:27:12:27:Infinity":8,"s:29:12:29:Infinity":9,"s:31:31:31:Infinity":10,"b:33:12:36:Infinity:undefined:undefined:undefined:undefined":0,"s:33:12:36:Infinity":11,"s:34:16:34:Infinity":12,"s:35:16:35:Infinity":13,"s:38:12:38:Infinity":14,"s:39:12:39:Infinity":15,"s:12:13:12:61":16}}}
,"/home/gabriel/Desktop/fast-food-order/src/infrastructure/gateways/fast-food-cook-to-order/fast-food-create-cook-to-order.ts": {"path":"/home/gabriel/Desktop/fast-food-order/src/infrastructure/gateways/fast-food-cook-to-order/fast-food-create-cook-to-order.ts","statementMap":{"0":{"start":{"line":12,"column":7},"end":{"line":39,"column":null}},"1":{"start":{"line":13,"column":31},"end":{"line":13,"column":null}},"2":{"start":{"line":16,"column":47},"end":{"line":16,"column":null}},"3":{"start":{"line":17,"column":58},"end":{"line":17,"column":null}},"4":{"start":{"line":21,"column":8},"end":{"line":37,"column":null}},"5":{"start":{"line":22,"column":12},"end":{"line":22,"column":null}},"6":{"start":{"line":24,"column":24},"end":{"line":24,"column":null}},"7":{"start":{"line":25,"column":12},"end":{"line":25,"column":null}},"8":{"start":{"line":27,"column":12},"end":{"line":27,"column":null}},"9":{"start":{"line":29,"column":31},"end":{"line":29,"column":null}},"10":{"start":{"line":31,"column":12},"end":{"line":34,"column":null}},"11":{"start":{"line":36,"column":12},"end":{"line":36,"column":null}},"12":{"start":{"line":12,"column":13},"end":{"line":12,"column":69}}},"fnMap":{"0":{"name":"(anonymous_0)","decl":{"start":{"line":15,"column":4},"end":{"line":15,"column":null}},"loc":{"start":{"line":18,"column":6},"end":{"line":18,"column":null}},"line":18},"1":{"name":"(anonymous_1)","decl":{"start":{"line":20,"column":10},"end":{"line":20,"column":18}},"loc":{"start":{"line":20,"column":64},"end":{"line":38,"column":null}},"line":20}},"branchMap":{},"s":{"0":1,"1":4,"2":4,"3":4,"4":4,"5":4,"6":4,"7":4,"8":2,"9":2,"10":2,"11":2,"12":1},"f":{"0":4,"1":4},"b":{},"meta":{"lastBranch":0,"lastFunction":2,"lastStatement":13,"seen":{"s:12:7:39:Infinity":0,"s:13:31:13:Infinity":1,"f:15:4:15:Infinity":0,"s:16:47:16:Infinity":2,"s:17:58:17:Infinity":3,"f:20:10:20:18":1,"s:21:8:37:Infinity":4,"s:22:12:22:Infinity":5,"s:24:24:24:Infinity":6,"s:25:12:25:Infinity":7,"s:27:12:27:Infinity":8,"s:29:31:29:Infinity":9,"s:31:12:34:Infinity":10,"s:36:12:36:Infinity":11,"s:12:13:12:69":12}}}
,"/home/gabriel/Desktop/fast-food-order/src/infrastructure/gateways/fast-food-cook-to-order/mapper/create-cook-to-order.mapper.ts": {"path":"/home/gabriel/Desktop/fast-food-order/src/infrastructure/gateways/fast-food-cook-to-order/mapper/create-cook-to-order.mapper.ts","statementMap":{"0":{"start":{"line":6,"column":8},"end":{"line":12,"column":null}},"1":{"start":{"line":8,"column":63},"end":{"line":11,"column":14}}},"fnMap":{"0":{"name":"(anonymous_0)","decl":{"start":{"line":5,"column":11},"end":{"line":5,"column":27}},"loc":{"start":{"line":5,"column":63},"end":{"line":13,"column":null}},"line":5},"1":{"name":"(anonymous_1)","decl":{"start":{"line":8,"column":51},"end":{"line":8,"column":63}},"loc":{"start":{"line":8,"column":63},"end":{"line":11,"column":14}},"line":8}},"branchMap":{},"s":{"0":6,"1":4},"f":{"0":3,"1":4},"b":{},"meta":{"lastBranch":0,"lastFunction":2,"lastStatement":2,"seen":{"f:5:11:5:27":0,"s:6:8:12:Infinity":0,"f:8:51:8:63":1,"s:8:63:11:14":1}}}
,"/home/gabriel/Desktop/fast-food-order/src/infrastructure/gateways/fast-food-payment/fast-food-create-payment.ts": {"path":"/home/gabriel/Desktop/fast-food-order/src/infrastructure/gateways/fast-food-payment/fast-food-create-payment.ts","statementMap":{"0":{"start":{"line":13,"column":7},"end":{"line":42,"column":null}},"1":{"start":{"line":14,"column":31},"end":{"line":14,"column":null}},"2":{"start":{"line":17,"column":47},"end":{"line":17,"column":null}},"3":{"start":{"line":18,"column":58},"end":{"line":18,"column":null}},"4":{"start":{"line":22,"column":8},"end":{"line":40,"column":null}},"5":{"start":{"line":23,"column":12},"end":{"line":23,"column":null}},"6":{"start":{"line":25,"column":24},"end":{"line":25,"column":null}},"7":{"start":{"line":26,"column":28},"end":{"line":26,"column":null}},"8":{"start":{"line":28,"column":12},"end":{"line":28,"column":null}},"9":{"start":{"line":30,"column":12},"end":{"line":30,"column":null}},"10":{"start":{"line":32,"column":31},"end":{"line":32,"column":null}},"11":{"start":{"line":34,"column":12},"end":{"line":37,"column":null}},"12":{"start":{"line":39,"column":12},"end":{"line":39,"column":null}},"13":{"start":{"line":13,"column":13},"end":{"line":13,"column":61}}},"fnMap":{"0":{"name":"(anonymous_0)","decl":{"start":{"line":16,"column":4},"end":{"line":16,"column":null}},"loc":{"start":{"line":19,"column":6},"end":{"line":19,"column":null}},"line":19},"1":{"name":"(anonymous_1)","decl":{"start":{"line":21,"column":10},"end":{"line":21,"column":18}},"loc":{"start":{"line":21,"column":63},"end":{"line":41,"column":null}},"line":21}},"branchMap":{},"s":{"0":1,"1":2,"2":2,"3":2,"4":2,"5":2,"6":2,"7":2,"8":1,"9":1,"10":1,"11":1,"12":1,"13":1},"f":{"0":2,"1":2},"b":{},"meta":{"lastBranch":0,"lastFunction":2,"lastStatement":14,"seen":{"s:13:7:42:Infinity":0,"s:14:31:14:Infinity":1,"f:16:4:16:Infinity":0,"s:17:47:17:Infinity":2,"s:18:58:18:Infinity":3,"f:21:10:21:18":1,"s:22:8:40:Infinity":4,"s:23:12:23:Infinity":5,"s:25:24:25:Infinity":6,"s:26:28:26:Infinity":7,"s:28:12:28:Infinity":8,"s:30:12:30:Infinity":9,"s:32:31:32:Infinity":10,"s:34:12:37:Infinity":11,"s:39:12:39:Infinity":12,"s:13:13:13:61":13}}}
,"/home/gabriel/Desktop/fast-food-order/src/infrastructure/gateways/fast-food-payment/fast-food-get-payment.ts": {"path":"/home/gabriel/Desktop/fast-food-order/src/infrastructure/gateways/fast-food-payment/fast-food-get-payment.ts","statementMap":{"0":{"start":{"line":12,"column":7},"end":{"line":41,"column":null}},"1":{"start":{"line":13,"column":31},"end":{"line":13,"column":null}},"2":{"start":{"line":16,"column":47},"end":{"line":16,"column":null}},"3":{"start":{"line":17,"column":58},"end":{"line":17,"column":null}},"4":{"start":{"line":21,"column":8},"end":{"line":39,"column":null}},"5":{"start":{"line":22,"column":12},"end":{"line":22,"column":null}},"6":{"start":{"line":24,"column":24},"end":{"line":24,"column":null}},"7":{"start":{"line":25,"column":28},"end":{"line":25,"column":null}},"8":{"start":{"line":27,"column":12},"end":{"line":27,"column":null}},"9":{"start":{"line":29,"column":12},"end":{"line":29,"column":null}},"10":{"start":{"line":31,"column":31},"end":{"line":31,"column":null}},"11":{"start":{"line":33,"column":12},"end":{"line":36,"column":null}},"12":{"start":{"line":38,"column":12},"end":{"line":38,"column":null}},"13":{"start":{"line":12,"column":13},"end":{"line":12,"column":55}}},"fnMap":{"0":{"name":"(anonymous_0)","decl":{"start":{"line":15,"column":4},"end":{"line":15,"column":null}},"loc":{"start":{"line":18,"column":6},"end":{"line":18,"column":null}},"line":18},"1":{"name":"(anonymous_1)","decl":{"start":{"line":20,"column":10},"end":{"line":20,"column":18}},"loc":{"start":{"line":20,"column":48},"end":{"line":40,"column":null}},"line":20}},"branchMap":{},"s":{"0":1,"1":2,"2":2,"3":2,"4":2,"5":2,"6":2,"7":2,"8":1,"9":1,"10":1,"11":1,"12":1,"13":1},"f":{"0":2,"1":2},"b":{},"meta":{"lastBranch":0,"lastFunction":2,"lastStatement":14,"seen":{"s:12:7:41:Infinity":0,"s:13:31:13:Infinity":1,"f:15:4:15:Infinity":0,"s:16:47:16:Infinity":2,"s:17:58:17:Infinity":3,"f:20:10:20:18":1,"s:21:8:39:Infinity":4,"s:22:12:22:Infinity":5,"s:24:24:24:Infinity":6,"s:25:28:25:Infinity":7,"s:27:12:27:Infinity":8,"s:29:12:29:Infinity":9,"s:31:31:31:Infinity":10,"s:33:12:36:Infinity":11,"s:38:12:38:Infinity":12,"s:12:13:12:55":13}}}
,"/home/gabriel/Desktop/fast-food-order/src/infrastructure/gateways/fast-food-payment/mapper/create-payment.mapper.ts": {"path":"/home/gabriel/Desktop/fast-food-order/src/infrastructure/gateways/fast-food-payment/mapper/create-payment.mapper.ts","statementMap":{"0":{"start":{"line":6,"column":8},"end":{"line":18,"column":null}},"1":{"start":{"line":9,"column":63},"end":{"line":17,"column":14}}},"fnMap":{"0":{"name":"(anonymous_0)","decl":{"start":{"line":5,"column":11},"end":{"line":5,"column":27}},"loc":{"start":{"line":5,"column":59},"end":{"line":19,"column":null}},"line":5},"1":{"name":"(anonymous_1)","decl":{"start":{"line":9,"column":51},"end":{"line":9,"column":63}},"loc":{"start":{"line":9,"column":63},"end":{"line":17,"column":14}},"line":9}},"branchMap":{"0":{"loc":{"start":{"line":16,"column":20},"end":{"line":16,"column":null}},"type":"binary-expr","locations":[{"start":{"line":16,"column":20},"end":{"line":16,"column":43}},{"start":{"line":16,"column":43},"end":{"line":16,"column":null}}],"line":16}},"s":{"0":7,"1":6},"f":{"0":3,"1":6},"b":{"0":[6,5]},"meta":{"lastBranch":1,"lastFunction":2,"lastStatement":2,"seen":{"f:5:11:5:27":0,"s:6:8:18:Infinity":0,"f:9:51:9:63":1,"s:9:63:17:14":1,"b:16:20:16:43:16:43:16:Infinity":0}}}
,"/home/gabriel/Desktop/fast-food-order/src/infrastructure/gateways/fast-food-product/fast-food-find-many-products.ts": {"path":"/home/gabriel/Desktop/fast-food-order/src/infrastructure/gateways/fast-food-product/fast-food-find-many-products.ts","statementMap":{"0":{"start":{"line":12,"column":7},"end":{"line":41,"column":null}},"1":{"start":{"line":13,"column":31},"end":{"line":13,"column":null}},"2":{"start":{"line":16,"column":47},"end":{"line":16,"column":null}},"3":{"start":{"line":17,"column":58},"end":{"line":17,"column":null}},"4":{"start":{"line":21,"column":8},"end":{"line":39,"column":null}},"5":{"start":{"line":22,"column":12},"end":{"line":22,"column":null}},"6":{"start":{"line":24,"column":24},"end":{"line":24,"column":null}},"7":{"start":{"line":25,"column":29},"end":{"line":25,"column":null}},"8":{"start":{"line":27,"column":12},"end":{"line":27,"column":null}},"9":{"start":{"line":29,"column":12},"end":{"line":29,"column":null}},"10":{"start":{"line":31,"column":31},"end":{"line":31,"column":null}},"11":{"start":{"line":33,"column":12},"end":{"line":36,"column":null}},"12":{"start":{"line":38,"column":12},"end":{"line":38,"column":null}},"13":{"start":{"line":12,"column":13},"end":{"line":12,"column":67}}},"fnMap":{"0":{"name":"(anonymous_0)","decl":{"start":{"line":15,"column":4},"end":{"line":15,"column":null}},"loc":{"start":{"line":18,"column":6},"end":{"line":18,"column":null}},"line":18},"1":{"name":"(anonymous_1)","decl":{"start":{"line":20,"column":10},"end":{"line":20,"column":18}},"loc":{"start":{"line":20,"column":53},"end":{"line":40,"column":null}},"line":20}},"branchMap":{},"s":{"0":1,"1":2,"2":2,"3":2,"4":2,"5":2,"6":2,"7":2,"8":1,"9":1,"10":1,"11":1,"12":1,"13":1},"f":{"0":2,"1":2},"b":{},"meta":{"lastBranch":0,"lastFunction":2,"lastStatement":14,"seen":{"s:12:7:41:Infinity":0,"s:13:31:13:Infinity":1,"f:15:4:15:Infinity":0,"s:16:47:16:Infinity":2,"s:17:58:17:Infinity":3,"f:20:10:20:18":1,"s:21:8:39:Infinity":4,"s:22:12:22:Infinity":5,"s:24:24:24:Infinity":6,"s:25:29:25:Infinity":7,"s:27:12:27:Infinity":8,"s:29:12:29:Infinity":9,"s:31:31:31:Infinity":10,"s:33:12:36:Infinity":11,"s:38:12:38:Infinity":12,"s:12:13:12:67":13}}}
,"/home/gabriel/Desktop/fast-food-order/src/infrastructure/repositories/prisma/mappers/prisma-order-product.mapper.ts": {"path":"/home/gabriel/Desktop/fast-food-order/src/infrastructure/repositories/prisma/mappers/prisma-order-product.mapper.ts","statementMap":{"0":{"start":{"line":7,"column":8},"end":{"line":16,"column":null}}},"fnMap":{"0":{"name":"(anonymous_0)","decl":{"start":{"line":6,"column":11},"end":{"line":6,"column":20}},"loc":{"start":{"line":6,"column":54},"end":{"line":17,"column":null}},"line":6}},"branchMap":{},"s":{"0":8},"f":{"0":4},"b":{},"meta":{"lastBranch":0,"lastFunction":1,"lastStatement":1,"seen":{"f:6:11:6:20":0,"s:7:8:16:Infinity":0}}}
,"/home/gabriel/Desktop/fast-food-order/src/infrastructure/repositories/prisma/mappers/prisma-order.mapper.ts": {"path":"/home/gabriel/Desktop/fast-food-order/src/infrastructure/repositories/prisma/mappers/prisma-order.mapper.ts","statementMap":{"0":{"start":{"line":12,"column":8},"end":{"line":21,"column":null}},"1":{"start":{"line":20,"column":63},"end":{"line":20,"column":110}},"2":{"start":{"line":25,"column":8},"end":{"line":41,"column":null}},"3":{"start":{"line":31,"column":53},"end":{"line":39,"column":22}}},"fnMap":{"0":{"name":"(anonymous_0)","decl":{"start":{"line":11,"column":11},"end":{"line":11,"column":20}},"loc":{"start":{"line":11,"column":58},"end":{"line":22,"column":null}},"line":11},"1":{"name":"(anonymous_1)","decl":{"start":{"line":20,"column":40},"end":{"line":20,"column":41}},"loc":{"start":{"line":20,"column":63},"end":{"line":20,"column":110}},"line":20},"2":{"name":"(anonymous_2)","decl":{"start":{"line":24,"column":11},"end":{"line":24,"column":20}},"loc":{"start":{"line":24,"column":58},"end":{"line":42,"column":null}},"line":24},"3":{"name":"(anonymous_3)","decl":{"start":{"line":31,"column":44},"end":{"line":31,"column":53}},"loc":{"start":{"line":31,"column":53},"end":{"line":39,"column":22}},"line":31}},"branchMap":{"0":{"loc":{"start":{"line":20,"column":16},"end":{"line":20,"column":null}},"type":"binary-expr","locations":[{"start":{"line":20,"column":16},"end":{"line":20,"column":115}},{"start":{"line":20,"column":115},"end":{"line":20,"column":null}}],"line":20},"1":{"loc":{"start":{"line":31,"column":20},"end":{"line":39,"column":null}},"type":"binary-expr","locations":[{"start":{"line":31,"column":20},"end":{"line":39,"column":27}},{"start":{"line":39,"column":27},"end":{"line":39,"column":null}}],"line":31}},"s":{"0":6,"1":4,"2":6,"3":2},"f":{"0":2,"1":4,"2":2,"3":2},"b":{"0":[6,2],"1":[6,0]},"meta":{"lastBranch":2,"lastFunction":4,"lastStatement":4,"seen":{"f:11:11:11:20":0,"s:12:8:21:Infinity":0,"b:20:16:20:115:20:115:20:Infinity":0,"f:20:40:20:41":1,"s:20:63:20:110":1,"f:24:11:24:20":2,"s:25:8:41:Infinity":2,"b:31:20:39:27:39:27:39:Infinity":1,"f:31:44:31:53":3,"s:31:53:39:22":3}}}
,"/home/gabriel/Desktop/fast-food-order/src/interfaces/controller/order.controller.ts": {"path":"/home/gabriel/Desktop/fast-food-order/src/interfaces/controller/order.controller.ts","statementMap":{"0":{"start":{"line":21,"column":7},"end":{"line":65,"column":null}},"1":{"start":{"line":23,"column":47},"end":{"line":23,"column":null}},"2":{"start":{"line":24,"column":59},"end":{"line":24,"column":null}},"3":{"start":{"line":25,"column":56},"end":{"line":25,"column":null}},"4":{"start":{"line":26,"column":57},"end":{"line":26,"column":null}},"5":{"start":{"line":27,"column":65},"end":{"line":27,"column":null}},"6":{"start":{"line":28,"column":63},"end":{"line":28,"column":null}},"7":{"start":{"line":29,"column":61},"end":{"line":29,"column":null}},"8":{"start":{"line":33,"column":8},"end":{"line":33,"column":null}},"9":{"start":{"line":34,"column":25},"end":{"line":34,"column":null}},"10":{"start":{"line":35,"column":8},"end":{"line":35,"column":null}},"11":{"start":{"line":39,"column":8},"end":{"line":39,"column":null}},"12":{"start":{"line":40,"column":25},"end":{"line":40,"column":null}},"13":{"start":{"line":41,"column":8},"end":{"line":41,"column":null}},"14":{"start":{"line":45,"column":8},"end":{"line":45,"column":null}},"15":{"start":{"line":46,"column":25},"end":{"line":46,"column":null}},"16":{"start":{"line":47,"column":8},"end":{"line":47,"column":null}},"17":{"start":{"line":47,"column":36},"end":{"line":47,"column":63}},"18":{"start":{"line":51,"column":8},"end":{"line":51,"column":null}},"19":{"start":{"line":52,"column":8},"end":{"line":52,"column":null}},"20":{"start":{"line":53,"column":8},"end":{"line":53,"column":null}},"21":{"start":{"line":57,"column":8},"end":{"line":57,"column":null}},"22":{"start":{"line":58,"column":8},"end":{"line":58,"column":null}},"23":{"start":{"line":62,"column":8},"end":{"line":62,"column":null}},"24":{"start":{"line":63,"column":8},"end":{"line":63,"column":null}},"25":{"start":{"line":21,"column":13},"end":{"line":21,"column":29}}},"fnMap":{"0":{"name":"(anonymous_0)","decl":{"start":{"line":22,"column":4},"end":{"line":22,"column":null}},"loc":{"start":{"line":30,"column":6},"end":{"line":30,"column":null}},"line":30},"1":{"name":"(anonymous_1)","decl":{"start":{"line":32,"column":10},"end":{"line":32,"column":17}},"loc":{"start":{"line":32,"column":87},"end":{"line":36,"column":null}},"line":32},"2":{"name":"(anonymous_2)","decl":{"start":{"line":38,"column":10},"end":{"line":38,"column":14}},"loc":{"start":{"line":38,"column":50},"end":{"line":42,"column":null}},"line":38},"3":{"name":"(anonymous_3)","decl":{"start":{"line":44,"column":10},"end":{"line":44,"column":15}},"loc":{"start":{"line":44,"column":67},"end":{"line":48,"column":null}},"line":44},"4":{"name":"(anonymous_4)","decl":{"start":{"line":47,"column":28},"end":{"line":47,"column":36}},"loc":{"start":{"line":47,"column":36},"end":{"line":47,"column":63}},"line":47},"5":{"name":"(anonymous_5)","decl":{"start":{"line":50,"column":10},"end":{"line":50,"column":23}},"loc":{"start":{"line":50,"column":106},"end":{"line":54,"column":null}},"line":50},"6":{"name":"(anonymous_6)","decl":{"start":{"line":56,"column":10},"end":{"line":56,"column":26}},"loc":{"start":{"line":56,"column":53},"end":{"line":59,"column":null}},"line":56},"7":{"name":"(anonymous_7)","decl":{"start":{"line":61,"column":10},"end":{"line":61,"column":24}},"loc":{"start":{"line":61,"column":51},"end":{"line":64,"column":null}},"line":61}},"branchMap":{},"s":{"0":1,"1":1,"2":1,"3":1,"4":1,"5":1,"6":1,"7":1,"8":1,"9":1,"10":1,"11":1,"12":1,"13":1,"14":1,"15":1,"16":1,"17":1,"18":1,"19":1,"20":1,"21":1,"22":1,"23":1,"24":1,"25":1},"f":{"0":1,"1":1,"2":1,"3":1,"4":1,"5":1,"6":1,"7":1},"b":{},"meta":{"lastBranch":0,"lastFunction":8,"lastStatement":26,"seen":{"s:21:7:65:Infinity":0,"f:22:4:22:Infinity":0,"s:23:47:23:Infinity":1,"s:24:59:24:Infinity":2,"s:25:56:25:Infinity":3,"s:26:57:26:Infinity":4,"s:27:65:27:Infinity":5,"s:28:63:28:Infinity":6,"s:29:61:29:Infinity":7,"f:32:10:32:17":1,"s:33:8:33:Infinity":8,"s:34:25:34:Infinity":9,"s:35:8:35:Infinity":10,"f:38:10:38:14":2,"s:39:8:39:Infinity":11,"s:40:25:40:Infinity":12,"s:41:8:41:Infinity":13,"f:44:10:44:15":3,"s:45:8:45:Infinity":14,"s:46:25:46:Infinity":15,"s:47:8:47:Infinity":16,"f:47:28:47:36":4,"s:47:36:47:63":17,"f:50:10:50:23":5,"s:51:8:51:Infinity":18,"s:52:8:52:Infinity":19,"s:53:8:53:Infinity":20,"f:56:10:56:26":6,"s:57:8:57:Infinity":21,"s:58:8:58:Infinity":22,"f:61:10:61:24":7,"s:62:8:62:Infinity":23,"s:63:8:63:Infinity":24,"s:21:13:21:29":25}}}
,"/home/gabriel/Desktop/fast-food-order/src/interfaces/presenter/order.presenter.ts": {"path":"/home/gabriel/Desktop/fast-food-order/src/interfaces/presenter/order.presenter.ts","statementMap":{"0":{"start":{"line":6,"column":8},"end":{"line":39,"column":null}},"1":{"start":{"line":12,"column":62},"end":{"line":21,"column":18}},"2":{"start":{"line":43,"column":8},"end":{"line":43,"column":null}}},"fnMap":{"0":{"name":"(anonymous_0)","decl":{"start":{"line":5,"column":11},"end":{"line":5,"column":18}},"loc":{"start":{"line":5,"column":47},"end":{"line":40,"column":null}},"line":5},"1":{"name":"(anonymous_1)","decl":{"start":{"line":12,"column":55},"end":{"line":12,"column":62}},"loc":{"start":{"line":12,"column":62},"end":{"line":21,"column":18}},"line":12},"2":{"name":"(anonymous_2)","decl":{"start":{"line":42,"column":11},"end":{"line":42,"column":68}},"loc":{"start":{"line":42,"column":68},"end":{"line":44,"column":null}},"line":42}},"branchMap":{"0":{"loc":{"start":{"line":11,"column":16},"end":{"line":22,"column":null}},"type":"binary-expr","locations":[{"start":{"line":11,"column":16},"end":{"line":11,"column":39}},{"start":{"line":11,"column":39},"end":{"line":22,"column":null}}],"line":11},"1":{"loc":{"start":{"line":23,"column":16},"end":{"line":30,"column":null}},"type":"binary-expr","locations":[{"start":{"line":23,"column":16},"end":{"line":23,"column":33}},{"start":{"line":23,"column":33},"end":{"line":30,"column":null}}],"line":23},"2":{"loc":{"start":{"line":31,"column":16},"end":{"line":38,"column":null}},"type":"binary-expr","locations":[{"start":{"line":31,"column":16},"end":{"line":31,"column":32}},{"start":{"line":31,"column":32},"end":{"line":38,"column":null}}],"line":31}},"s":{"0":5,"1":1,"2":2},"f":{"0":2,"1":1,"2":2},"b":{"0":[5,5],"1":[5,4],"2":[5,1]},"meta":{"lastBranch":3,"lastFunction":3,"lastStatement":3,"seen":{"f:5:11:5:18":0,"s:6:8:39:Infinity":0,"b:11:16:11:39:11:39:22:Infinity":0,"f:12:55:12:62":1,"s:12:62:21:18":1,"b:23:16:23:33:23:33:30:Infinity":1,"b:31:16:31:32:31:32:38:Infinity":2,"f:42:11:42:68":2,"s:43:8:43:Infinity":2}}}
}
