TN:
SF:src/application/use-cases/order/create-order/create-order.ts
FN:18,(anonymous_0)
FN:26,(anonymous_1)
FN:29,(anonymous_2)
FNF:3
FNH:3
FNDA:2,(anonymous_0)
FNDA:4,(anonymous_1)
FNDA:4,(anonymous_2)
DA:17,2
DA:19,2
DA:20,2
DA:21,2
DA:22,2
DA:23,2
DA:27,4
DA:29,4
DA:30,4
DA:32,4
DA:34,4
DA:36,4
DA:37,4
DA:39,4
DA:40,4
DA:42,4
DA:44,4
DA:45,4
DA:47,4
DA:53,4
LF:20
LH:20
BRF:0
BRH:0
end_of_record
TN:
SF:src/application/use-cases/order/get-order/get-order.ts
FN:14,(anonymous_0)
FN:21,(anonymous_1)
FNF:2
FNH:2
FNDA:8,(anonymous_0)
FNDA:8,(anonymous_1)
DA:13,2
DA:15,8
DA:16,8
DA:17,8
DA:18,8
DA:22,8
DA:24,8
DA:26,8
DA:27,2
DA:28,2
DA:31,6
DA:32,4
DA:33,4
DA:34,2
DA:38,6
DA:39,6
DA:41,6
DA:47,6
LF:18
LH:18
BRDA:26,0,0,2
BRDA:26,0,1,6
BRDA:31,1,0,4
BRDA:31,1,1,2
BRDA:33,2,0,2
BRDA:33,2,1,2
BRF:6
BRH:6
end_of_record
TN:
SF:src/application/use-cases/order/list-order/list-order.ts
FN:14,(anonymous_0)
FN:19,(anonymous_1)
FNF:2
FNH:2
FNDA:2,(anonymous_0)
FNDA:10,(anonymous_1)
DA:13,2
DA:15,2
DA:16,2
DA:20,10
DA:22,10
DA:27,10
DA:29,10
DA:30,10
LF:8
LH:8
BRDA:24,0,0,2
BRDA:24,0,1,8
BRF:2
BRH:2
end_of_record
TN:
SF:src/application/use-cases/order/payment-approved/payment-approved.ts
FN:12,(anonymous_0)
FN:18,(anonymous_1)
FNF:2
FNH:2
FNDA:2,(anonymous_0)
FNDA:4,(anonymous_1)
DA:11,2
DA:13,2
DA:14,2
DA:15,2
DA:19,4
DA:20,4
DA:22,4
DA:23,2
DA:24,2
DA:27,2
DA:28,2
DA:30,2
LF:12
LH:12
BRDA:22,0,0,2
BRDA:22,0,1,2
BRF:2
BRH:2
end_of_record
TN:
SF:src/application/use-cases/order/payment-failed/payment-failed.ts
FN:12,(anonymous_0)
FN:17,(anonymous_1)
FNF:2
FNH:2
FNDA:2,(anonymous_0)
FNDA:4,(anonymous_1)
DA:11,2
DA:13,2
DA:14,2
DA:18,4
DA:20,4
DA:22,4
DA:23,2
DA:24,2
DA:27,2
DA:28,2
DA:30,2
LF:11
LH:11
BRDA:22,0,0,2
BRDA:22,0,1,2
BRF:2
BRH:2
end_of_record
TN:
SF:src/application/use-cases/order/update-order-status/update-order-status.ts
FN:12,(anonymous_0)
FN:17,(anonymous_1)
FNF:2
FNH:2
FNDA:2,(anonymous_0)
FNDA:16,(anonymous_1)
DA:11,2
DA:13,2
DA:14,2
DA:18,16
DA:20,16
DA:22,16
DA:23,2
DA:24,2
DA:27,14
DA:28,14
DA:30,14
DA:32,10
LF:12
LH:12
BRDA:22,0,0,2
BRDA:22,0,1,14
BRF:2
BRH:2
end_of_record
TN:
SF:src/domain/errors.ts
FN:2,(anonymous_0)
FN:12,(anonymous_1)
FN:18,(anonymous_2)
FN:24,(anonymous_3)
FNF:4
FNH:3
FNDA:12,(anonymous_0)
FNDA:4,(anonymous_1)
FNDA:8,(anonymous_2)
FNDA:0,(anonymous_3)
DA:3,12
DA:4,12
DA:5,12
DA:7,12
DA:13,4
DA:19,8
DA:25,0
LF:7
LH:6
BRDA:3,0,0,12
BRDA:4,1,0,12
BRDA:5,2,0,12
BRDA:12,3,0,4
BRDA:18,4,0,8
BRDA:24,5,0,0
BRF:6
BRH:5
end_of_record
TN:
SF:src/domain/entities/client.entity.ts
FN:2,(anonymous_0)
FNF:1
FNH:1
FNDA:12,(anonymous_0)
DA:3,12
DA:4,12
DA:5,12
DA:6,12
LF:4
LH:4
BRF:0
BRH:0
end_of_record
TN:
SF:src/domain/entities/order-product.entity.ts
FN:24,(anonymous_0)
FNF:1
FNH:1
FNDA:28,(anonymous_0)
DA:25,28
DA:26,28
DA:27,28
DA:28,28
DA:29,28
DA:30,28
DA:31,28
DA:32,28
LF:8
LH:8
BRDA:25,0,0,28
BRDA:25,0,1,6
BRDA:28,1,0,28
BRDA:28,1,1,4
BRF:4
BRH:4
end_of_record
TN:
SF:src/domain/entities/order.entity.ts
FN:33,(anonymous_0)
FN:45,(anonymous_1)
FN:49,(anonymous_2)
FN:53,(anonymous_3)
FN:57,(anonymous_4)
FN:61,(anonymous_5)
FNF:6
FNH:6
FNDA:78,(anonymous_0)
FNDA:4,(anonymous_1)
FNDA:4,(anonymous_2)
FNDA:6,(anonymous_3)
FNDA:10,(anonymous_4)
FNDA:16,(anonymous_5)
DA:34,78
DA:35,78
DA:36,78
DA:37,78
DA:38,78
DA:39,78
DA:40,78
DA:41,78
DA:42,78
DA:46,4
DA:50,4
DA:54,6
DA:58,10
DA:62,16
DA:71,16
DA:73,16
DA:74,4
DA:77,12
LF:18
LH:18
BRDA:34,0,0,78
BRDA:34,0,1,22
BRDA:40,1,0,78
BRDA:40,1,1,2
BRDA:71,2,0,16
BRDA:71,2,1,0
BRDA:73,3,0,4
BRDA:73,3,1,12
BRF:8
BRH:7
end_of_record
TN:
SF:src/domain/entities/payment.entity.ts
FN:2,(anonymous_0)
FNF:1
FNH:1
FNDA:12,(anonymous_0)
DA:3,12
DA:4,12
DA:5,12
DA:6,12
LF:4
LH:4
BRF:0
BRH:0
end_of_record
TN:
SF:src/domain/entities/product.entity.ts
FN:6,(anonymous_0)
FNF:1
FNH:1
FNDA:6,(anonymous_0)
DA:7,6
DA:8,6
DA:9,6
DA:10,6
DA:11,6
LF:5
LH:5
BRF:0
BRH:0
end_of_record
TN:
SF:src/domain/factories/order-builder.factory.ts
FN:11,(anonymous_0)
FN:12,(anonymous_1)
FN:13,(anonymous_2)
FN:32,(anonymous_3)
FN:45,(anonymous_4)
FNF:5
FNH:5
FNDA:4,(anonymous_0)
FNDA:4,(anonymous_1)
FNDA:4,(anonymous_2)
FNDA:4,(anonymous_3)
FNDA:2,(anonymous_4)
DA:8,4
DA:9,4
DA:12,4
DA:13,4
DA:15,4
DA:25,4
DA:26,4
DA:29,4
DA:33,4
DA:40,4
DA:46,4
LF:11
LH:11
BRF:0
BRH:0
end_of_record
TN:
SF:src/infrastructure/config/di/types.ts
FNF:0
FNH:0
DA:1,26
LF:1
LH:1
BRF:0
BRH:0
end_of_record
TN:
SF:src/infrastructure/gateways/fast-food-client/fast-food-get-client-by-cpf.ts
FN:15,(anonymous_0)
FN:20,(anonymous_1)
FNF:2
FNH:2
FNDA:6,(anonymous_0)
FNDA:6,(anonymous_1)
DA:12,2
DA:13,6
DA:16,6
DA:17,6
DA:21,6
DA:22,6
DA:24,6
DA:25,6
DA:27,2
DA:29,2
DA:31,4
DA:33,4
DA:34,2
DA:35,2
DA:38,2
DA:39,2
LF:16
LH:16
BRDA:33,0,0,2
BRDA:33,0,1,2
BRF:2
BRH:2
end_of_record
TN:
SF:src/infrastructure/gateways/fast-food-client/fast-food-get-client-by-id.ts
FN:15,(anonymous_0)
FN:20,(anonymous_1)
FNF:2
FNH:2
FNDA:6,(anonymous_0)
FNDA:6,(anonymous_1)
DA:12,2
DA:13,6
DA:16,6
DA:17,6
DA:21,6
DA:22,6
DA:24,6
DA:25,6
DA:27,2
DA:29,2
DA:31,4
DA:33,4
DA:34,2
DA:35,2
DA:38,2
DA:39,2
LF:16
LH:16
BRDA:33,0,0,2
BRDA:33,0,1,2
BRF:2
BRH:2
end_of_record
TN:
SF:src/infrastructure/gateways/fast-food-cook-to-order/fast-food-create-cook-to-order.ts
FN:15,(anonymous_0)
FN:20,(anonymous_1)
FNF:2
FNH:2
FNDA:8,(anonymous_0)
FNDA:8,(anonymous_1)
DA:12,2
DA:13,8
DA:16,8
DA:17,8
DA:21,8
DA:22,8
DA:24,8
DA:25,8
DA:27,4
DA:29,4
DA:31,4
DA:36,4
LF:12
LH:12
BRF:0
BRH:0
end_of_record
TN:
SF:src/infrastructure/gateways/fast-food-cook-to-order/mapper/create-cook-to-order.mapper.ts
FN:5,(anonymous_0)
FN:8,(anonymous_1)
FNF:2
FNH:2
FNDA:4,(anonymous_0)
FNDA:8,(anonymous_1)
DA:6,10
DA:8,8
LF:2
LH:2
BRF:0
BRH:0
end_of_record
TN:
SF:src/infrastructure/gateways/fast-food-payment/fast-food-create-payment.ts
FN:16,(anonymous_0)
FN:21,(anonymous_1)
FNF:2
FNH:2
FNDA:4,(anonymous_0)
FNDA:4,(anonymous_1)
DA:13,2
DA:14,4
DA:17,4
DA:18,4
DA:22,4
DA:23,4
DA:25,4
DA:26,4
DA:28,2
DA:30,2
DA:32,2
DA:34,2
DA:39,2
LF:13
LH:13
BRF:0
BRH:0
end_of_record
TN:
SF:src/infrastructure/gateways/fast-food-payment/fast-food-get-payment.ts
FN:15,(anonymous_0)
FN:20,(anonymous_1)
FNF:2
FNH:2
FNDA:4,(anonymous_0)
FNDA:4,(anonymous_1)
DA:12,2
DA:13,4
DA:16,4
DA:17,4
DA:21,4
DA:22,4
DA:24,4
DA:25,4
DA:27,2
DA:29,2
DA:31,2
DA:33,2
DA:38,2
LF:13
LH:13
BRF:0
BRH:0
end_of_record
TN:
SF:src/infrastructure/gateways/fast-food-payment/mapper/create-payment.mapper.ts
FN:5,(anonymous_0)
FN:9,(anonymous_1)
FNF:2
FNH:2
FNDA:4,(anonymous_0)
FNDA:8,(anonymous_1)
DA:6,10
DA:9,8
LF:2
LH:2
BRDA:16,0,0,8
BRDA:16,0,1,6
BRF:2
BRH:2
end_of_record
TN:
SF:src/infrastructure/gateways/fast-food-product/fast-food-find-many-products.ts
FN:15,(anonymous_0)
FN:20,(anonymous_1)
FNF:2
FNH:2
FNDA:4,(anonymous_0)
FNDA:4,(anonymous_1)
DA:12,2
DA:13,4
DA:16,4
DA:17,4
DA:21,4
DA:22,4
DA:24,4
DA:25,4
DA:27,2
DA:29,2
DA:31,2
DA:33,2
DA:38,2
LF:13
LH:13
BRF:0
BRH:0
end_of_record
TN:
SF:src/infrastructure/repositories/prisma/mappers/prisma-order-product.mapper.ts
FN:6,(anonymous_0)
FNF:1
FNH:1
FNDA:4,(anonymous_0)
DA:7,8
LF:1
LH:1
BRF:0
BRH:0
end_of_record
TN:
SF:src/infrastructure/repositories/prisma/mappers/prisma-order.mapper.ts
FN:11,(anonymous_0)
FN:20,(anonymous_1)
FN:24,(anonymous_2)
FN:32,(anonymous_3)
FNF:4
FNH:4
FNDA:2,(anonymous_0)
FNDA:4,(anonymous_1)
FNDA:2,(anonymous_2)
FNDA:2,(anonymous_3)
DA:12,6
DA:20,4
DA:25,6
DA:32,2
LF:4
LH:4
BRDA:20,0,0,6
BRDA:20,0,1,2
BRDA:32,1,0,6
BRDA:32,1,1,0
BRF:4
BRH:3
end_of_record
TN:
SF:src/interfaces/controller/order.controller.ts
FN:22,(anonymous_0)
FN:32,(anonymous_1)
FN:38,(anonymous_2)
FN:44,(anonymous_3)
FN:47,(anonymous_4)
FN:50,(anonymous_5)
FN:56,(anonymous_6)
FN:61,(anonymous_7)
FNF:8
FNH:8
FNDA:2,(anonymous_0)
FNDA:2,(anonymous_1)
FNDA:2,(anonymous_2)
FNDA:2,(anonymous_3)
FNDA:2,(anonymous_4)
FNDA:2,(anonymous_5)
FNDA:2,(anonymous_6)
FNDA:2,(anonymous_7)
DA:21,2
DA:23,2
DA:24,2
DA:25,2
DA:26,2
DA:27,2
DA:28,2
DA:29,2
DA:33,2
DA:34,2
DA:35,2
DA:39,2
DA:40,2
DA:41,2
DA:45,2
DA:46,2
DA:47,2
DA:51,2
DA:52,2
DA:53,2
DA:57,2
DA:58,2
DA:62,2
DA:63,2
LF:24
LH:24
BRF:0
BRH:0
end_of_record
TN:
SF:src/interfaces/presenter/order.presenter.ts
FN:5,(anonymous_0)
FN:12,(anonymous_1)
FN:42,(anonymous_2)
FNF:3
FNH:3
FNDA:4,(anonymous_0)
FNDA:2,(anonymous_1)
FNDA:4,(anonymous_2)
DA:6,10
DA:12,2
DA:43,4
LF:3
LH:3
BRDA:11,0,0,10
BRDA:11,0,1,10
BRDA:23,1,0,10
BRDA:23,1,1,8
BRDA:31,2,0,10
BRDA:31,2,1,2
BRF:6
BRH:6
end_of_record
