TN:
SF:src/application/use-cases/order/create-order/create-order.ts
FN:18,(anonymous_0)
FN:26,(anonymous_1)
FN:29,(anonymous_2)
FNF:3
FNH:3
FNDA:1,(anonymous_0)
FNDA:2,(anonymous_1)
FNDA:2,(anonymous_2)
DA:17,1
DA:19,1
DA:20,1
DA:21,1
DA:22,1
DA:23,1
DA:27,2
DA:29,2
DA:30,2
DA:32,2
DA:34,2
DA:36,2
DA:37,2
DA:39,2
DA:40,2
DA:42,2
DA:44,2
DA:45,2
DA:47,2
DA:53,2
LF:20
LH:20
BRF:0
BRH:0
end_of_record
TN:
SF:src/application/use-cases/order/get-order/get-order.ts
FN:14,(anonymous_0)
FN:21,(anonymous_1)
FNF:2
FNH:2
FNDA:4,(anonymous_0)
FNDA:4,(anonymous_1)
DA:13,1
DA:15,4
DA:16,4
DA:17,4
DA:18,4
DA:22,4
DA:24,4
DA:26,4
DA:27,1
DA:28,1
DA:31,3
DA:32,2
DA:33,2
DA:34,1
DA:38,3
DA:39,3
DA:41,3
DA:47,3
LF:18
LH:18
BRDA:26,0,0,1
BRDA:26,0,1,3
BRDA:31,1,0,2
BRDA:31,1,1,1
BRDA:33,2,0,1
BRDA:33,2,1,1
BRF:6
BRH:6
end_of_record
TN:
SF:src/application/use-cases/order/list-order/list-order.ts
FN:14,(anonymous_0)
FN:19,(anonymous_1)
FNF:2
FNH:2
FNDA:1,(anonymous_0)
FNDA:5,(anonymous_1)
DA:13,1
DA:15,1
DA:16,1
DA:20,5
DA:22,5
DA:27,5
DA:29,5
DA:30,5
LF:8
LH:8
BRDA:24,0,0,1
BRDA:24,0,1,4
BRF:2
BRH:2
end_of_record
TN:
SF:src/application/use-cases/order/payment-approved/payment-approved.ts
FN:12,(anonymous_0)
FN:18,(anonymous_1)
FNF:2
FNH:2
FNDA:1,(anonymous_0)
FNDA:2,(anonymous_1)
DA:11,1
DA:13,1
DA:14,1
DA:15,1
DA:19,2
DA:20,2
DA:22,2
DA:23,1
DA:24,1
DA:27,1
DA:28,1
DA:30,1
LF:12
LH:12
BRDA:22,0,0,1
BRDA:22,0,1,1
BRF:2
BRH:2
end_of_record
TN:
SF:src/application/use-cases/order/payment-failed/payment-failed.ts
FN:12,(anonymous_0)
FN:17,(anonymous_1)
FNF:2
FNH:2
FNDA:1,(anonymous_0)
FNDA:2,(anonymous_1)
DA:11,1
DA:13,1
DA:14,1
DA:18,2
DA:20,2
DA:22,2
DA:23,1
DA:24,1
DA:27,1
DA:28,1
DA:30,1
LF:11
LH:11
BRDA:22,0,0,1
BRDA:22,0,1,1
BRF:2
BRH:2
end_of_record
TN:
SF:src/application/use-cases/order/update-order-status/update-order-status.ts
FN:12,(anonymous_0)
FN:17,(anonymous_1)
FNF:2
FNH:2
FNDA:1,(anonymous_0)
FNDA:8,(anonymous_1)
DA:11,1
DA:13,1
DA:14,1
DA:18,8
DA:20,8
DA:22,8
DA:23,1
DA:24,1
DA:27,7
DA:28,7
DA:30,7
DA:32,5
LF:12
LH:12
BRDA:22,0,0,1
BRDA:22,0,1,7
BRF:2
BRH:2
end_of_record
TN:
SF:src/domain/errors.ts
FN:2,(anonymous_0)
FN:12,(anonymous_1)
FN:18,(anonymous_2)
FN:24,(anonymous_3)
FNF:4
FNH:3
FNDA:6,(anonymous_0)
FNDA:2,(anonymous_1)
FNDA:4,(anonymous_2)
FNDA:0,(anonymous_3)
DA:3,6
DA:4,6
DA:5,6
DA:7,6
DA:13,2
DA:19,4
DA:25,0
LF:7
LH:6
BRDA:3,0,0,6
BRDA:4,1,0,6
BRDA:5,2,0,6
BRDA:12,3,0,2
BRDA:18,4,0,4
BRDA:24,5,0,0
BRF:6
BRH:5
end_of_record
TN:
SF:src/domain/entities/client.entity.ts
FN:2,(anonymous_0)
FNF:1
FNH:1
FNDA:6,(anonymous_0)
DA:3,6
DA:4,6
DA:5,6
DA:6,6
LF:4
LH:4
BRF:0
BRH:0
end_of_record
TN:
SF:src/domain/entities/order-product.entity.ts
FN:24,(anonymous_0)
FNF:1
FNH:1
FNDA:14,(anonymous_0)
DA:25,14
DA:26,14
DA:27,14
DA:28,14
DA:29,14
DA:30,14
DA:31,14
DA:32,14
LF:8
LH:8
BRDA:25,0,0,14
BRDA:25,0,1,3
BRDA:28,1,0,14
BRDA:28,1,1,2
BRF:4
BRH:4
end_of_record
TN:
SF:src/domain/entities/order.entity.ts
FN:33,(anonymous_0)
FN:45,(anonymous_1)
FN:49,(anonymous_2)
FN:53,(anonymous_3)
FN:57,(anonymous_4)
FN:61,(anonymous_5)
FNF:6
FNH:6
FNDA:39,(anonymous_0)
FNDA:2,(anonymous_1)
FNDA:2,(anonymous_2)
FNDA:3,(anonymous_3)
FNDA:5,(anonymous_4)
FNDA:8,(anonymous_5)
DA:34,39
DA:35,39
DA:36,39
DA:37,39
DA:38,39
DA:39,39
DA:40,39
DA:41,39
DA:42,39
DA:46,2
DA:50,2
DA:54,3
DA:58,5
DA:62,8
DA:71,8
DA:73,8
DA:74,2
DA:77,6
LF:18
LH:18
BRDA:34,0,0,39
BRDA:34,0,1,11
BRDA:40,1,0,39
BRDA:40,1,1,1
BRDA:71,2,0,8
BRDA:71,2,1,0
BRDA:73,3,0,2
BRDA:73,3,1,6
BRF:8
BRH:7
end_of_record
TN:
SF:src/domain/entities/payment.entity.ts
FN:2,(anonymous_0)
FNF:1
FNH:1
FNDA:6,(anonymous_0)
DA:3,6
DA:4,6
DA:5,6
DA:6,6
LF:4
LH:4
BRF:0
BRH:0
end_of_record
TN:
SF:src/domain/entities/product.entity.ts
FN:6,(anonymous_0)
FNF:1
FNH:1
FNDA:3,(anonymous_0)
DA:7,3
DA:8,3
DA:9,3
DA:10,3
DA:11,3
LF:5
LH:5
BRF:0
BRH:0
end_of_record
TN:
SF:src/domain/factories/order-builder.factory.ts
FN:11,(anonymous_0)
FN:12,(anonymous_1)
FN:13,(anonymous_2)
FN:32,(anonymous_3)
FN:45,(anonymous_4)
FNF:5
FNH:5
FNDA:2,(anonymous_0)
FNDA:2,(anonymous_1)
FNDA:2,(anonymous_2)
FNDA:2,(anonymous_3)
FNDA:1,(anonymous_4)
DA:8,2
DA:9,2
DA:12,2
DA:13,2
DA:15,2
DA:25,2
DA:26,2
DA:29,2
DA:33,2
DA:40,2
DA:46,2
LF:11
LH:11
BRF:0
BRH:0
end_of_record
TN:
SF:src/infrastructure/config/di/types.ts
FNF:0
FNH:0
DA:1,13
LF:1
LH:1
BRF:0
BRH:0
end_of_record
TN:
SF:src/infrastructure/gateways/fast-food-client/fast-food-get-client-by-cpf.ts
FN:15,(anonymous_0)
FN:20,(anonymous_1)
FNF:2
FNH:2
FNDA:3,(anonymous_0)
FNDA:3,(anonymous_1)
DA:12,1
DA:13,3
DA:16,3
DA:17,3
DA:21,3
DA:22,3
DA:24,3
DA:25,3
DA:27,1
DA:29,1
DA:31,2
DA:33,2
DA:34,1
DA:35,1
DA:38,1
DA:39,1
LF:16
LH:16
BRDA:33,0,0,1
BRDA:33,0,1,1
BRF:2
BRH:2
end_of_record
TN:
SF:src/infrastructure/gateways/fast-food-client/fast-food-get-client-by-id.ts
FN:15,(anonymous_0)
FN:20,(anonymous_1)
FNF:2
FNH:2
FNDA:3,(anonymous_0)
FNDA:3,(anonymous_1)
DA:12,1
DA:13,3
DA:16,3
DA:17,3
DA:21,3
DA:22,3
DA:24,3
DA:25,3
DA:27,1
DA:29,1
DA:31,2
DA:33,2
DA:34,1
DA:35,1
DA:38,1
DA:39,1
LF:16
LH:16
BRDA:33,0,0,1
BRDA:33,0,1,1
BRF:2
BRH:2
end_of_record
TN:
SF:src/infrastructure/gateways/fast-food-cook-to-order/fast-food-create-cook-to-order.ts
FN:15,(anonymous_0)
FN:20,(anonymous_1)
FNF:2
FNH:2
FNDA:4,(anonymous_0)
FNDA:4,(anonymous_1)
DA:12,1
DA:13,4
DA:16,4
DA:17,4
DA:21,4
DA:22,4
DA:24,4
DA:25,4
DA:27,2
DA:29,2
DA:31,2
DA:36,2
LF:12
LH:12
BRF:0
BRH:0
end_of_record
TN:
SF:src/infrastructure/gateways/fast-food-cook-to-order/mapper/create-cook-to-order.mapper.ts
FN:5,(anonymous_0)
FN:8,(anonymous_1)
FNF:2
FNH:2
FNDA:2,(anonymous_0)
FNDA:4,(anonymous_1)
DA:6,5
DA:8,4
LF:2
LH:2
BRF:0
BRH:0
end_of_record
TN:
SF:src/infrastructure/gateways/fast-food-payment/fast-food-create-payment.ts
FN:16,(anonymous_0)
FN:21,(anonymous_1)
FNF:2
FNH:2
FNDA:2,(anonymous_0)
FNDA:2,(anonymous_1)
DA:13,1
DA:14,2
DA:17,2
DA:18,2
DA:22,2
DA:23,2
DA:25,2
DA:26,2
DA:28,1
DA:30,1
DA:32,1
DA:34,1
DA:39,1
LF:13
LH:13
BRF:0
BRH:0
end_of_record
TN:
SF:src/infrastructure/gateways/fast-food-payment/fast-food-get-payment.ts
FN:15,(anonymous_0)
FN:20,(anonymous_1)
FNF:2
FNH:2
FNDA:2,(anonymous_0)
FNDA:2,(anonymous_1)
DA:12,1
DA:13,2
DA:16,2
DA:17,2
DA:21,2
DA:22,2
DA:24,2
DA:25,2
DA:27,1
DA:29,1
DA:31,1
DA:33,1
DA:38,1
LF:13
LH:13
BRF:0
BRH:0
end_of_record
TN:
SF:src/infrastructure/gateways/fast-food-payment/mapper/create-payment.mapper.ts
FN:5,(anonymous_0)
FN:9,(anonymous_1)
FNF:2
FNH:2
FNDA:2,(anonymous_0)
FNDA:4,(anonymous_1)
DA:6,5
DA:9,4
LF:2
LH:2
BRDA:16,0,0,4
BRDA:16,0,1,3
BRF:2
BRH:2
end_of_record
TN:
SF:src/infrastructure/gateways/fast-food-product/fast-food-find-many-products.ts
FN:15,(anonymous_0)
FN:20,(anonymous_1)
FNF:2
FNH:2
FNDA:2,(anonymous_0)
FNDA:2,(anonymous_1)
DA:12,1
DA:13,2
DA:16,2
DA:17,2
DA:21,2
DA:22,2
DA:24,2
DA:25,2
DA:27,1
DA:29,1
DA:31,1
DA:33,1
DA:38,1
LF:13
LH:13
BRF:0
BRH:0
end_of_record
TN:
SF:src/infrastructure/repositories/prisma/mappers/prisma-order-product.mapper.ts
FN:6,(anonymous_0)
FNF:1
FNH:1
FNDA:2,(anonymous_0)
DA:7,4
LF:1
LH:1
BRF:0
BRH:0
end_of_record
TN:
SF:src/infrastructure/repositories/prisma/mappers/prisma-order.mapper.ts
FN:11,(anonymous_0)
FN:20,(anonymous_1)
FN:24,(anonymous_2)
FN:32,(anonymous_3)
FNF:4
FNH:4
FNDA:1,(anonymous_0)
FNDA:2,(anonymous_1)
FNDA:1,(anonymous_2)
FNDA:1,(anonymous_3)
DA:12,3
DA:20,2
DA:25,3
DA:32,1
LF:4
LH:4
BRDA:20,0,0,3
BRDA:20,0,1,1
BRDA:32,1,0,3
BRDA:32,1,1,0
BRF:4
BRH:3
end_of_record
TN:
SF:src/interfaces/controller/order.controller.ts
FN:22,(anonymous_0)
FN:32,(anonymous_1)
FN:38,(anonymous_2)
FN:44,(anonymous_3)
FN:47,(anonymous_4)
FN:50,(anonymous_5)
FN:56,(anonymous_6)
FN:61,(anonymous_7)
FNF:8
FNH:8
FNDA:1,(anonymous_0)
FNDA:1,(anonymous_1)
FNDA:1,(anonymous_2)
FNDA:1,(anonymous_3)
FNDA:1,(anonymous_4)
FNDA:1,(anonymous_5)
FNDA:1,(anonymous_6)
FNDA:1,(anonymous_7)
DA:21,1
DA:23,1
DA:24,1
DA:25,1
DA:26,1
DA:27,1
DA:28,1
DA:29,1
DA:33,1
DA:34,1
DA:35,1
DA:39,1
DA:40,1
DA:41,1
DA:45,1
DA:46,1
DA:47,1
DA:51,1
DA:52,1
DA:53,1
DA:57,1
DA:58,1
DA:62,1
DA:63,1
LF:24
LH:24
BRF:0
BRH:0
end_of_record
TN:
SF:src/interfaces/presenter/order.presenter.ts
FN:5,(anonymous_0)
FN:12,(anonymous_1)
FN:42,(anonymous_2)
FNF:3
FNH:3
FNDA:2,(anonymous_0)
FNDA:1,(anonymous_1)
FNDA:2,(anonymous_2)
DA:6,5
DA:12,1
DA:43,2
LF:3
LH:3
BRDA:11,0,0,5
BRDA:11,0,1,5
BRDA:23,1,0,5
BRDA:23,1,1,4
BRDA:31,2,0,5
BRDA:31,2,1,1
BRF:6
BRH:6
end_of_record
